#
# There is insufficient memory for the Java Runtime Environment to continue.
# Native memory allocation (malloc) failed to allocate 1008496 bytes for Chunk::new
# Possible reasons:
#   The system is out of physical RAM or swap space
#   The process is running with CompressedOops enabled, and the Java Heap may be blocking the growth of the native heap
# Possible solutions:
#   Reduce memory load on the system
#   Increase physical memory or swap space
#   Check if swap backing store is full
#   Decrease Java heap size (-Xmx/-Xms)
#   Decrease number of Java threads
#   Decrease Java thread stack sizes (-Xss)
#   Set larger code cache with -XX:ReservedCodeCacheSize=
#   JVM is running with Unscaled Compressed Oops mode in which the Java heap is
#     placed in the first 4GB address space. The Java Heap base address is the
#     maximum limit for the native heap growth. Please use -XX:HeapBaseMinAddress
#     to set the Java Heap base and to place the Java Heap above 4GB virtual address.
# This output file may be truncated or incomplete.
#
#  Out of Memory Error (arena.cpp:191), pid=20312, tid=20820
#
# JRE version: OpenJDK Runtime Environment Corretto-17.0.9.8.1 (17.0.9+8) (build 17.0.9+8-LTS)
# Java VM: OpenJDK 64-Bit Server VM Corretto-17.0.9.8.1 (17.0.9+8-LTS, mixed mode, sharing, tiered, compressed oops, compressed class ptrs, g1 gc, windows-amd64)
# No core dump will be written. Minidumps are not enabled by default on client versions of Windows
#

---------------  S U M M A R Y ------------

Command Line: --add-opens=java.base/java.util=ALL-UNNAMED --add-opens=java.base/java.lang=ALL-UNNAMED --add-opens=java.base/java.lang.invoke=ALL-UNNAMED --add-opens=java.prefs/java.util.prefs=ALL-UNNAMED --add-opens=java.base/java.nio.charset=ALL-UNNAMED --add-opens=java.base/java.net=ALL-UNNAMED --add-opens=java.base/java.util.concurrent.atomic=ALL-UNNAMED -XX:MaxMetaspaceSize=384m -XX:+HeapDumpOnOutOfMemoryError -Xms256m -Xmx512m -Dfile.encoding=x-windows-949 -Duser.country=KR -Duser.language=ko -Duser.variant -javaagent:C:\Users\KSH\.gradle\wrapper\dists\gradle-8.6-bin\afr5mpiioh2wthjmwnkmdsd5w\gradle-8.6\lib\agents\gradle-instrumentation-agent-8.6.jar org.gradle.launcher.daemon.bootstrap.GradleDaemon 8.6

Host: 13th Gen Intel(R) Core(TM) i5-1340P, 16 cores, 15G,  Windows 10 , 64 bit Build 19041 (10.0.19041.3636)
Time: Wed Mar 27 00:39:28 2024  Windows 10 , 64 bit Build 19041 (10.0.19041.3636) elapsed time: 218.090476 seconds (0d 0h 3m 38s)

---------------  T H R E A D  ---------------

Current thread (0x000001a7fc02abf0):  JavaThread "C2 CompilerThread0" daemon [_thread_in_native, id=20820, stack(0x0000001558500000,0x0000001558600000)]


Current CompileTask:
C2: 218090 4091   !   4       jdk.internal.loader.URLClassPath$JarLoader::getResource (354 bytes)

Stack: [0x0000001558500000,0x0000001558600000]
Native frames: (J=compiled Java code, j=interpreted, Vv=VM code, C=native code)
V  [jvm.dll+0x67cb49]
V  [jvm.dll+0x8344da]
V  [jvm.dll+0x835f9e]
V  [jvm.dll+0x836603]
V  [jvm.dll+0x247b5f]
V  [jvm.dll+0xac43c]
V  [jvm.dll+0xaca8c]
V  [jvm.dll+0x366c32]
V  [jvm.dll+0x330fda]
V  [jvm.dll+0x33047a]
V  [jvm.dll+0x21a201]
V  [jvm.dll+0x219621]
V  [jvm.dll+0x1a56cd]
V  [jvm.dll+0x2293ee]
V  [jvm.dll+0x2275bc]
V  [jvm.dll+0x7e95a7]
V  [jvm.dll+0x7e396a]
V  [jvm.dll+0x67ba35]
C  [ucrtbase.dll+0x21bb2]
C  [KERNEL32.DLL+0x17344]
C  [ntdll.dll+0x526b1]


---------------  P R O C E S S  ---------------

Threads class SMR info:
_java_thread_list=0x000001a7fccc38f0, length=35, elements={
0x000001a7e09ed130, 0x000001a7fc006ca0, 0x000001a7fc007a30, 0x000001a7fc0262c0,
0x000001a7fc026d90, 0x000001a7fc029670, 0x000001a7fc029f40, 0x000001a7fc02abf0,
0x000001a7fc02c5c0, 0x000001a7fc02f2e0, 0x000001a7fbff2150, 0x000001a7fc2b1c40,
0x000001a7fdcb7ab0, 0x000001a7fdcce9e0, 0x000001a7fe659270, 0x000001a7fe3c8700,
0x000001a7fe2384a0, 0x000001a7fe1d9ea0, 0x000001a7fe1d9990, 0x000001a7fe1da8c0,
0x000001a7fe1dadd0, 0x000001a7fe1db2e0, 0x000001a7fe4c6d60, 0x000001a7fe4c2b90,
0x000001a7fe4c44e0, 0x000001a7fe4c7270, 0x000001a7fe4c3fd0, 0x000001a7fe4c49f0,
0x000001a7fe4c4f00, 0x000001a7fe4c5410, 0x000001a7fe4c5920, 0x000001a7fe4c7780,
0x000001a7fe4c86b0, 0x000001a7fe4c8bc0, 0x000001a7fe4c6850
}

Java Threads: ( => current thread )
  0x000001a7e09ed130 JavaThread "main" [_thread_blocked, id=17644, stack(0x0000001557800000,0x0000001557900000)]
  0x000001a7fc006ca0 JavaThread "Reference Handler" daemon [_thread_blocked, id=9408, stack(0x0000001557f00000,0x0000001558000000)]
  0x000001a7fc007a30 JavaThread "Finalizer" daemon [_thread_blocked, id=20104, stack(0x0000001558000000,0x0000001558100000)]
  0x000001a7fc0262c0 JavaThread "Signal Dispatcher" daemon [_thread_blocked, id=20180, stack(0x0000001558100000,0x0000001558200000)]
  0x000001a7fc026d90 JavaThread "Attach Listener" daemon [_thread_blocked, id=6912, stack(0x0000001558200000,0x0000001558300000)]
  0x000001a7fc029670 JavaThread "Service Thread" daemon [_thread_blocked, id=2328, stack(0x0000001558300000,0x0000001558400000)]
  0x000001a7fc029f40 JavaThread "Monitor Deflation Thread" daemon [_thread_blocked, id=20864, stack(0x0000001558400000,0x0000001558500000)]
=>0x000001a7fc02abf0 JavaThread "C2 CompilerThread0" daemon [_thread_in_native, id=20820, stack(0x0000001558500000,0x0000001558600000)]
  0x000001a7fc02c5c0 JavaThread "C1 CompilerThread0" daemon [_thread_blocked, id=21340, stack(0x0000001558600000,0x0000001558700000)]
  0x000001a7fc02f2e0 JavaThread "Sweeper thread" daemon [_thread_blocked, id=18876, stack(0x0000001558700000,0x0000001558800000)]
  0x000001a7fbff2150 JavaThread "Common-Cleaner" daemon [_thread_blocked, id=20276, stack(0x0000001558800000,0x0000001558900000)]
  0x000001a7fc2b1c40 JavaThread "Notification Thread" daemon [_thread_blocked, id=21888, stack(0x0000001558c00000,0x0000001558d00000)]
  0x000001a7fdcb7ab0 JavaThread "Daemon health stats" [_thread_blocked, id=24296, stack(0x0000001559500000,0x0000001559600000)]
  0x000001a7fdcce9e0 JavaThread "Incoming local TCP Connector on port 65472" [_thread_in_native, id=24180, stack(0x0000001558e00000,0x0000001558f00000)]
  0x000001a7fe659270 JavaThread "Daemon periodic checks" [_thread_blocked, id=21528, stack(0x0000001558f00000,0x0000001559000000)]
  0x000001a7fe3c8700 JavaThread "Daemon" [_thread_blocked, id=24496, stack(0x0000001558900000,0x0000001558a00000)]
  0x000001a7fe2384a0 JavaThread "Handler for socket connection from /127.0.0.1:65472 to /127.0.0.1:65491" [_thread_in_native, id=11888, stack(0x0000001558a00000,0x0000001558b00000)]
  0x000001a7fe1d9ea0 JavaThread "Cancel handler" [_thread_blocked, id=25144, stack(0x0000001558b00000,0x0000001558c00000)]
  0x000001a7fe1d9990 JavaThread "Daemon worker" [_thread_in_vm, id=27612, stack(0x0000001559600000,0x0000001559700000)]
  0x000001a7fe1da8c0 JavaThread "Asynchronous log dispatcher for DefaultDaemonConnection: socket connection from /127.0.0.1:65472 to /127.0.0.1:65491" [_thread_blocked, id=19556, stack(0x0000001559700000,0x0000001559800000)]
  0x000001a7fe1dadd0 JavaThread "Stdin handler" [_thread_blocked, id=23336, stack(0x0000001559800000,0x0000001559900000)]
  0x000001a7fe1db2e0 JavaThread "Daemon client event forwarder" [_thread_blocked, id=27652, stack(0x0000001559900000,0x0000001559a00000)]
  0x000001a7fe4c6d60 JavaThread "Cache worker for journal cache (C:\Users\KSH\.gradle\caches\journal-1)" [_thread_blocked, id=20040, stack(0x0000001559d00000,0x0000001559e00000)]
  0x000001a7fe4c2b90 JavaThread "File lock request listener" [_thread_in_native, id=28032, stack(0x0000001559e00000,0x0000001559f00000)]
  0x000001a7fe4c44e0 JavaThread "Cache worker for file hash cache (C:\Users\KSH\.gradle\caches\8.6\fileHashes)" [_thread_blocked, id=23868, stack(0x0000001559f00000,0x000000155a000000)]
  0x000001a7fe4c7270 JavaThread "File watcher server" daemon [_thread_in_native, id=29008, stack(0x000000155a000000,0x000000155a100000)]
  0x000001a7fe4c3fd0 JavaThread "File watcher consumer" daemon [_thread_blocked, id=29172, stack(0x000000155a100000,0x000000155a200000)]
  0x000001a7fe4c49f0 JavaThread "Cache worker for checksums cache (C:\Users\KSH\Documents\sixthsense\S10P22D208\sungchef_backend\sungchef\search-service\.gradle\8.6\checksums)" [_thread_blocked, id=20144, stack(0x0000001557700000,0x0000001557800000)]
  0x000001a7fe4c4f00 JavaThread "Cache worker for file hash cache (C:\Users\KSH\Documents\sixthsense\S10P22D208\sungchef_backend\sungchef\search-service\.gradle\8.6\fileHashes)" [_thread_blocked, id=25284, stack(0x000000155ab00000,0x000000155ac00000)]
  0x000001a7fe4c5410 JavaThread "Cache worker for cache directory md-supplier (C:\Users\KSH\.gradle\caches\8.6\md-supplier)" [_thread_blocked, id=27784, stack(0x0000001557600000,0x0000001557700000)]
  0x000001a7fe4c5920 JavaThread "Cache worker for cache directory md-rule (C:\Users\KSH\.gradle\caches\8.6\md-rule)" [_thread_blocked, id=30636, stack(0x000000155ac00000,0x000000155ad00000)]
  0x000001a7fe4c7780 JavaThread "Cache worker for file content cache (C:\Users\KSH\.gradle\caches\8.6\fileContent)" [_thread_blocked, id=17872, stack(0x000000155ad00000,0x000000155ae00000)]
  0x000001a7fe4c86b0 JavaThread "File lock release action executor Thread 2" [_thread_blocked, id=6412, stack(0x0000001559c00000,0x0000001559d00000)]
  0x000001a7fe4c8bc0 JavaThread "jar transforms" [_thread_blocked, id=25196, stack(0x0000001559a00000,0x0000001559b00000)]
  0x000001a7fe4c6850 JavaThread "jar transforms Thread 2" [_thread_blocked, id=27684, stack(0x0000001559b00000,0x0000001559c00000)]

Other Threads:
  0x000001a7fc003130 VMThread "VM Thread" [stack: 0x0000001557e00000,0x0000001557f00000] [id=936]
  0x000001a7e09ee000 WatcherThread [stack: 0x0000001558d00000,0x0000001558e00000] [id=21084]
  0x000001a7e0a1d8b0 GCTaskThread "GC Thread#0" [stack: 0x0000001557900000,0x0000001557a00000] [id=8184]
  0x000001a7fc55dd80 GCTaskThread "GC Thread#1" [stack: 0x0000001559000000,0x0000001559100000] [id=3084]
  0x000001a7fc55e040 GCTaskThread "GC Thread#2" [stack: 0x0000001559100000,0x0000001559200000] [id=22836]
  0x000001a7fc55e300 GCTaskThread "GC Thread#3" [stack: 0x0000001559200000,0x0000001559300000] [id=19300]
  0x000001a7fc55e5c0 GCTaskThread "GC Thread#4" [stack: 0x0000001559300000,0x0000001559400000] [id=22708]
  0x000001a7fcf6faf0 GCTaskThread "GC Thread#5" [stack: 0x0000001559400000,0x0000001559500000] [id=22700]
  0x000001a7fdc808a0 GCTaskThread "GC Thread#6" [stack: 0x000000155a200000,0x000000155a300000] [id=9648]
  0x000001a7fdc7fae0 GCTaskThread "GC Thread#7" [stack: 0x000000155a300000,0x000000155a400000] [id=28888]
  0x000001a7fdc7fda0 GCTaskThread "GC Thread#8" [stack: 0x000000155a400000,0x000000155a500000] [id=24592]
  0x000001a7fdc80060 GCTaskThread "GC Thread#9" [stack: 0x000000155a500000,0x000000155a600000] [id=25520]
  0x000001a7fdc7f820 GCTaskThread "GC Thread#10" [stack: 0x000000155a600000,0x000000155a700000] [id=20928]
  0x000001a7fdc7f560 GCTaskThread "GC Thread#11" [stack: 0x000000155a700000,0x000000155a800000] [id=27832]
  0x000001a7fdc80320 GCTaskThread "GC Thread#12" [stack: 0x000000155a800000,0x000000155a900000] [id=29032]
  0x000001a7e0a22710 ConcurrentGCThread "G1 Main Marker" [stack: 0x0000001557a00000,0x0000001557b00000] [id=21880]
  0x000001a7e0a24050 ConcurrentGCThread "G1 Conc#0" [stack: 0x0000001557b00000,0x0000001557c00000] [id=7552]
  0x000001a7fdc80e20 ConcurrentGCThread "G1 Conc#1" [stack: 0x000000155a900000,0x000000155aa00000] [id=21756]
  0x000001a7fdc7f2a0 ConcurrentGCThread "G1 Conc#2" [stack: 0x000000155aa00000,0x000000155ab00000] [id=27152]
  0x000001a7e0aada60 ConcurrentGCThread "G1 Refine#0" [stack: 0x0000001557c00000,0x0000001557d00000] [id=20624]
  0x000001a7e0aae3a0 ConcurrentGCThread "G1 Service" [stack: 0x0000001557d00000,0x0000001557e00000] [id=6528]

Threads with active compile tasks:
C2 CompilerThread0   218154 4091   !   4       jdk.internal.loader.URLClassPath$JarLoader::getResource (354 bytes)

VM state: not at safepoint (normal execution)

VM Mutex/Monitor currently owned by a thread: None

Heap address: 0x00000000e0000000, size: 512 MB, Compressed Oops mode: 32-bit

CDS archive(s) mapped at: [0x000001a780000000-0x000001a780ba0000-0x000001a780ba0000), size 12189696, SharedBaseAddress: 0x000001a780000000, ArchiveRelocationMode: 1.
Compressed class space mapped at: 0x000001a781000000-0x000001a795000000, reserved size: 335544320
Narrow klass base: 0x000001a780000000, Narrow klass shift: 0, Narrow klass range: 0x100000000

GC Precious Log:
 CPUs: 16 total, 16 available
 Memory: 16098M
 Large Page Support: Disabled
 NUMA Support: Disabled
 Compressed Oops: Enabled (32-bit)
 Heap Region Size: 1M
 Heap Min Capacity: 256M
 Heap Initial Capacity: 256M
 Heap Max Capacity: 512M
 Pre-touch: Disabled
 Parallel Workers: 13
 Concurrent Workers: 3
 Concurrent Refinement Workers: 13
 Periodic GC: Disabled

Heap:
 garbage-first heap   total 262144K, used 99509K [0x00000000e0000000, 0x0000000100000000)
  region size 1024K, 88 young (90112K), 12 survivors (12288K)
 Metaspace       used 31149K, committed 31552K, reserved 393216K
  class space    used 4459K, committed 4672K, reserved 327680K

Heap Regions: E=young(eden), S=young(survivor), O=old, HS=humongous(starts), HC=humongous(continues), CS=collection set, F=free, OA=open archive, CA=closed archive, TAMS=top-at-mark-start (previous, next)
|   0|0x00000000e0000000, 0x00000000e0100000, 0x00000000e0100000|100%|HS|  |TAMS 0x00000000e0100000, 0x00000000e0000000| Complete 
|   1|0x00000000e0100000, 0x00000000e0200000, 0x00000000e0200000|100%|HC|  |TAMS 0x00000000e0200000, 0x00000000e0100000| Complete 
|   2|0x00000000e0200000, 0x00000000e0300000, 0x00000000e0300000|100%|HC|  |TAMS 0x00000000e0300000, 0x00000000e0200000| Complete 
|   3|0x00000000e0300000, 0x00000000e0400000, 0x00000000e0400000|100%|HC|  |TAMS 0x00000000e0400000, 0x00000000e0300000| Complete 
|   4|0x00000000e0400000, 0x00000000e0500000, 0x00000000e0500000|100%| O|  |TAMS 0x00000000e0500000, 0x00000000e0400000| Untracked 
|   5|0x00000000e0500000, 0x00000000e0600000, 0x00000000e0600000|100%| O|  |TAMS 0x00000000e0600000, 0x00000000e0500000| Untracked 
|   6|0x00000000e0600000, 0x00000000e0700000, 0x00000000e0700000|100%| O|  |TAMS 0x00000000e0700000, 0x00000000e0600000| Untracked 
|   7|0x00000000e0700000, 0x00000000e0800000, 0x00000000e0800000|100%| O|  |TAMS 0x00000000e0800000, 0x00000000e0700000| Untracked 
|   8|0x00000000e0800000, 0x00000000e0900000, 0x00000000e0900000|100%| O|  |TAMS 0x00000000e0900000, 0x00000000e0800000| Untracked 
|   9|0x00000000e0900000, 0x00000000e0a00000, 0x00000000e0a00000|100%| O|  |TAMS 0x00000000e0a00000, 0x00000000e0900000| Untracked 
|  10|0x00000000e0a00000, 0x00000000e0aace00, 0x00000000e0b00000| 67%| O|  |TAMS 0x00000000e0aace00, 0x00000000e0a00000| Untracked 
|  11|0x00000000e0b00000, 0x00000000e0b00000, 0x00000000e0c00000|  0%| F|  |TAMS 0x00000000e0b00000, 0x00000000e0b00000| Untracked 
|  12|0x00000000e0c00000, 0x00000000e0c00000, 0x00000000e0d00000|  0%| F|  |TAMS 0x00000000e0c00000, 0x00000000e0c00000| Untracked 
|  13|0x00000000e0d00000, 0x00000000e0d00000, 0x00000000e0e00000|  0%| F|  |TAMS 0x00000000e0d00000, 0x00000000e0d00000| Untracked 
|  14|0x00000000e0e00000, 0x00000000e0e00000, 0x00000000e0f00000|  0%| F|  |TAMS 0x00000000e0e00000, 0x00000000e0e00000| Untracked 
|  15|0x00000000e0f00000, 0x00000000e0f00000, 0x00000000e1000000|  0%| F|  |TAMS 0x00000000e0f00000, 0x00000000e0f00000| Untracked 
|  16|0x00000000e1000000, 0x00000000e1000000, 0x00000000e1100000|  0%| F|  |TAMS 0x00000000e1000000, 0x00000000e1000000| Untracked 
|  17|0x00000000e1100000, 0x00000000e1100000, 0x00000000e1200000|  0%| F|  |TAMS 0x00000000e1100000, 0x00000000e1100000| Untracked 
|  18|0x00000000e1200000, 0x00000000e1200000, 0x00000000e1300000|  0%| F|  |TAMS 0x00000000e1200000, 0x00000000e1200000| Untracked 
|  19|0x00000000e1300000, 0x00000000e1300000, 0x00000000e1400000|  0%| F|  |TAMS 0x00000000e1300000, 0x00000000e1300000| Untracked 
|  20|0x00000000e1400000, 0x00000000e1400000, 0x00000000e1500000|  0%| F|  |TAMS 0x00000000e1400000, 0x00000000e1400000| Untracked 
|  21|0x00000000e1500000, 0x00000000e1500000, 0x00000000e1600000|  0%| F|  |TAMS 0x00000000e1500000, 0x00000000e1500000| Untracked 
|  22|0x00000000e1600000, 0x00000000e1600000, 0x00000000e1700000|  0%| F|  |TAMS 0x00000000e1600000, 0x00000000e1600000| Untracked 
|  23|0x00000000e1700000, 0x00000000e1700000, 0x00000000e1800000|  0%| F|  |TAMS 0x00000000e1700000, 0x00000000e1700000| Untracked 
|  24|0x00000000e1800000, 0x00000000e1800000, 0x00000000e1900000|  0%| F|  |TAMS 0x00000000e1800000, 0x00000000e1800000| Untracked 
|  25|0x00000000e1900000, 0x00000000e1900000, 0x00000000e1a00000|  0%| F|  |TAMS 0x00000000e1900000, 0x00000000e1900000| Untracked 
|  26|0x00000000e1a00000, 0x00000000e1a00000, 0x00000000e1b00000|  0%| F|  |TAMS 0x00000000e1a00000, 0x00000000e1a00000| Untracked 
|  27|0x00000000e1b00000, 0x00000000e1b00000, 0x00000000e1c00000|  0%| F|  |TAMS 0x00000000e1b00000, 0x00000000e1b00000| Untracked 
|  28|0x00000000e1c00000, 0x00000000e1c00000, 0x00000000e1d00000|  0%| F|  |TAMS 0x00000000e1c00000, 0x00000000e1c00000| Untracked 
|  29|0x00000000e1d00000, 0x00000000e1d00000, 0x00000000e1e00000|  0%| F|  |TAMS 0x00000000e1d00000, 0x00000000e1d00000| Untracked 
|  30|0x00000000e1e00000, 0x00000000e1e00000, 0x00000000e1f00000|  0%| F|  |TAMS 0x00000000e1e00000, 0x00000000e1e00000| Untracked 
|  31|0x00000000e1f00000, 0x00000000e1f00000, 0x00000000e2000000|  0%| F|  |TAMS 0x00000000e1f00000, 0x00000000e1f00000| Untracked 
|  32|0x00000000e2000000, 0x00000000e2000000, 0x00000000e2100000|  0%| F|  |TAMS 0x00000000e2000000, 0x00000000e2000000| Untracked 
|  33|0x00000000e2100000, 0x00000000e2100000, 0x00000000e2200000|  0%| F|  |TAMS 0x00000000e2100000, 0x00000000e2100000| Untracked 
|  34|0x00000000e2200000, 0x00000000e2200000, 0x00000000e2300000|  0%| F|  |TAMS 0x00000000e2200000, 0x00000000e2200000| Untracked 
|  35|0x00000000e2300000, 0x00000000e2300000, 0x00000000e2400000|  0%| F|  |TAMS 0x00000000e2300000, 0x00000000e2300000| Untracked 
|  36|0x00000000e2400000, 0x00000000e2400000, 0x00000000e2500000|  0%| F|  |TAMS 0x00000000e2400000, 0x00000000e2400000| Untracked 
|  37|0x00000000e2500000, 0x00000000e2500000, 0x00000000e2600000|  0%| F|  |TAMS 0x00000000e2500000, 0x00000000e2500000| Untracked 
|  38|0x00000000e2600000, 0x00000000e2600000, 0x00000000e2700000|  0%| F|  |TAMS 0x00000000e2600000, 0x00000000e2600000| Untracked 
|  39|0x00000000e2700000, 0x00000000e2700000, 0x00000000e2800000|  0%| F|  |TAMS 0x00000000e2700000, 0x00000000e2700000| Untracked 
|  40|0x00000000e2800000, 0x00000000e2800000, 0x00000000e2900000|  0%| F|  |TAMS 0x00000000e2800000, 0x00000000e2800000| Untracked 
|  41|0x00000000e2900000, 0x00000000e2900000, 0x00000000e2a00000|  0%| F|  |TAMS 0x00000000e2900000, 0x00000000e2900000| Untracked 
|  42|0x00000000e2a00000, 0x00000000e2a00000, 0x00000000e2b00000|  0%| F|  |TAMS 0x00000000e2a00000, 0x00000000e2a00000| Untracked 
|  43|0x00000000e2b00000, 0x00000000e2b00000, 0x00000000e2c00000|  0%| F|  |TAMS 0x00000000e2b00000, 0x00000000e2b00000| Untracked 
|  44|0x00000000e2c00000, 0x00000000e2c00000, 0x00000000e2d00000|  0%| F|  |TAMS 0x00000000e2c00000, 0x00000000e2c00000| Untracked 
|  45|0x00000000e2d00000, 0x00000000e2d00000, 0x00000000e2e00000|  0%| F|  |TAMS 0x00000000e2d00000, 0x00000000e2d00000| Untracked 
|  46|0x00000000e2e00000, 0x00000000e2e00000, 0x00000000e2f00000|  0%| F|  |TAMS 0x00000000e2e00000, 0x00000000e2e00000| Untracked 
|  47|0x00000000e2f00000, 0x00000000e2f00000, 0x00000000e3000000|  0%| F|  |TAMS 0x00000000e2f00000, 0x00000000e2f00000| Untracked 
|  48|0x00000000e3000000, 0x00000000e3000000, 0x00000000e3100000|  0%| F|  |TAMS 0x00000000e3000000, 0x00000000e3000000| Untracked 
|  49|0x00000000e3100000, 0x00000000e3100000, 0x00000000e3200000|  0%| F|  |TAMS 0x00000000e3100000, 0x00000000e3100000| Untracked 
|  50|0x00000000e3200000, 0x00000000e3200000, 0x00000000e3300000|  0%| F|  |TAMS 0x00000000e3200000, 0x00000000e3200000| Untracked 
|  51|0x00000000e3300000, 0x00000000e3300000, 0x00000000e3400000|  0%| F|  |TAMS 0x00000000e3300000, 0x00000000e3300000| Untracked 
|  52|0x00000000e3400000, 0x00000000e3400000, 0x00000000e3500000|  0%| F|  |TAMS 0x00000000e3400000, 0x00000000e3400000| Untracked 
|  53|0x00000000e3500000, 0x00000000e3500000, 0x00000000e3600000|  0%| F|  |TAMS 0x00000000e3500000, 0x00000000e3500000| Untracked 
|  54|0x00000000e3600000, 0x00000000e3600000, 0x00000000e3700000|  0%| F|  |TAMS 0x00000000e3600000, 0x00000000e3600000| Untracked 
|  55|0x00000000e3700000, 0x00000000e3700000, 0x00000000e3800000|  0%| F|  |TAMS 0x00000000e3700000, 0x00000000e3700000| Untracked 
|  56|0x00000000e3800000, 0x00000000e3800000, 0x00000000e3900000|  0%| F|  |TAMS 0x00000000e3800000, 0x00000000e3800000| Untracked 
|  57|0x00000000e3900000, 0x00000000e3900000, 0x00000000e3a00000|  0%| F|  |TAMS 0x00000000e3900000, 0x00000000e3900000| Untracked 
|  58|0x00000000e3a00000, 0x00000000e3a00000, 0x00000000e3b00000|  0%| F|  |TAMS 0x00000000e3a00000, 0x00000000e3a00000| Untracked 
|  59|0x00000000e3b00000, 0x00000000e3b00000, 0x00000000e3c00000|  0%| F|  |TAMS 0x00000000e3b00000, 0x00000000e3b00000| Untracked 
|  60|0x00000000e3c00000, 0x00000000e3c00000, 0x00000000e3d00000|  0%| F|  |TAMS 0x00000000e3c00000, 0x00000000e3c00000| Untracked 
|  61|0x00000000e3d00000, 0x00000000e3d00000, 0x00000000e3e00000|  0%| F|  |TAMS 0x00000000e3d00000, 0x00000000e3d00000| Untracked 
|  62|0x00000000e3e00000, 0x00000000e3e00000, 0x00000000e3f00000|  0%| F|  |TAMS 0x00000000e3e00000, 0x00000000e3e00000| Untracked 
|  63|0x00000000e3f00000, 0x00000000e3f00000, 0x00000000e4000000|  0%| F|  |TAMS 0x00000000e3f00000, 0x00000000e3f00000| Untracked 
|  64|0x00000000e4000000, 0x00000000e4000000, 0x00000000e4100000|  0%| F|  |TAMS 0x00000000e4000000, 0x00000000e4000000| Untracked 
|  65|0x00000000e4100000, 0x00000000e4100000, 0x00000000e4200000|  0%| F|  |TAMS 0x00000000e4100000, 0x00000000e4100000| Untracked 
|  66|0x00000000e4200000, 0x00000000e4200000, 0x00000000e4300000|  0%| F|  |TAMS 0x00000000e4200000, 0x00000000e4200000| Untracked 
|  67|0x00000000e4300000, 0x00000000e4300000, 0x00000000e4400000|  0%| F|  |TAMS 0x00000000e4300000, 0x00000000e4300000| Untracked 
|  68|0x00000000e4400000, 0x00000000e4400000, 0x00000000e4500000|  0%| F|  |TAMS 0x00000000e4400000, 0x00000000e4400000| Untracked 
|  69|0x00000000e4500000, 0x00000000e4500000, 0x00000000e4600000|  0%| F|  |TAMS 0x00000000e4500000, 0x00000000e4500000| Untracked 
|  70|0x00000000e4600000, 0x00000000e4600000, 0x00000000e4700000|  0%| F|  |TAMS 0x00000000e4600000, 0x00000000e4600000| Untracked 
|  71|0x00000000e4700000, 0x00000000e4700000, 0x00000000e4800000|  0%| F|  |TAMS 0x00000000e4700000, 0x00000000e4700000| Untracked 
|  72|0x00000000e4800000, 0x00000000e4800000, 0x00000000e4900000|  0%| F|  |TAMS 0x00000000e4800000, 0x00000000e4800000| Untracked 
|  73|0x00000000e4900000, 0x00000000e4900000, 0x00000000e4a00000|  0%| F|  |TAMS 0x00000000e4900000, 0x00000000e4900000| Untracked 
|  74|0x00000000e4a00000, 0x00000000e4a00000, 0x00000000e4b00000|  0%| F|  |TAMS 0x00000000e4a00000, 0x00000000e4a00000| Untracked 
|  75|0x00000000e4b00000, 0x00000000e4b00000, 0x00000000e4c00000|  0%| F|  |TAMS 0x00000000e4b00000, 0x00000000e4b00000| Untracked 
|  76|0x00000000e4c00000, 0x00000000e4c00000, 0x00000000e4d00000|  0%| F|  |TAMS 0x00000000e4c00000, 0x00000000e4c00000| Untracked 
|  77|0x00000000e4d00000, 0x00000000e4d00000, 0x00000000e4e00000|  0%| F|  |TAMS 0x00000000e4d00000, 0x00000000e4d00000| Untracked 
|  78|0x00000000e4e00000, 0x00000000e4e00000, 0x00000000e4f00000|  0%| F|  |TAMS 0x00000000e4e00000, 0x00000000e4e00000| Untracked 
|  79|0x00000000e4f00000, 0x00000000e4f00000, 0x00000000e5000000|  0%| F|  |TAMS 0x00000000e4f00000, 0x00000000e4f00000| Untracked 
|  80|0x00000000e5000000, 0x00000000e5000000, 0x00000000e5100000|  0%| F|  |TAMS 0x00000000e5000000, 0x00000000e5000000| Untracked 
|  81|0x00000000e5100000, 0x00000000e5100000, 0x00000000e5200000|  0%| F|  |TAMS 0x00000000e5100000, 0x00000000e5100000| Untracked 
|  82|0x00000000e5200000, 0x00000000e5200000, 0x00000000e5300000|  0%| F|  |TAMS 0x00000000e5200000, 0x00000000e5200000| Untracked 
|  83|0x00000000e5300000, 0x00000000e5300000, 0x00000000e5400000|  0%| F|  |TAMS 0x00000000e5300000, 0x00000000e5300000| Untracked 
|  84|0x00000000e5400000, 0x00000000e5400000, 0x00000000e5500000|  0%| F|  |TAMS 0x00000000e5400000, 0x00000000e5400000| Untracked 
|  85|0x00000000e5500000, 0x00000000e5500000, 0x00000000e5600000|  0%| F|  |TAMS 0x00000000e5500000, 0x00000000e5500000| Untracked 
|  86|0x00000000e5600000, 0x00000000e5600000, 0x00000000e5700000|  0%| F|  |TAMS 0x00000000e5600000, 0x00000000e5600000| Untracked 
|  87|0x00000000e5700000, 0x00000000e5700000, 0x00000000e5800000|  0%| F|  |TAMS 0x00000000e5700000, 0x00000000e5700000| Untracked 
|  88|0x00000000e5800000, 0x00000000e5800000, 0x00000000e5900000|  0%| F|  |TAMS 0x00000000e5800000, 0x00000000e5800000| Untracked 
|  89|0x00000000e5900000, 0x00000000e5900000, 0x00000000e5a00000|  0%| F|  |TAMS 0x00000000e5900000, 0x00000000e5900000| Untracked 
|  90|0x00000000e5a00000, 0x00000000e5a00000, 0x00000000e5b00000|  0%| F|  |TAMS 0x00000000e5a00000, 0x00000000e5a00000| Untracked 
|  91|0x00000000e5b00000, 0x00000000e5b00000, 0x00000000e5c00000|  0%| F|  |TAMS 0x00000000e5b00000, 0x00000000e5b00000| Untracked 
|  92|0x00000000e5c00000, 0x00000000e5c00000, 0x00000000e5d00000|  0%| F|  |TAMS 0x00000000e5c00000, 0x00000000e5c00000| Untracked 
|  93|0x00000000e5d00000, 0x00000000e5d00000, 0x00000000e5e00000|  0%| F|  |TAMS 0x00000000e5d00000, 0x00000000e5d00000| Untracked 
|  94|0x00000000e5e00000, 0x00000000e5e00000, 0x00000000e5f00000|  0%| F|  |TAMS 0x00000000e5e00000, 0x00000000e5e00000| Untracked 
|  95|0x00000000e5f00000, 0x00000000e5f00000, 0x00000000e6000000|  0%| F|  |TAMS 0x00000000e5f00000, 0x00000000e5f00000| Untracked 
|  96|0x00000000e6000000, 0x00000000e6000000, 0x00000000e6100000|  0%| F|  |TAMS 0x00000000e6000000, 0x00000000e6000000| Untracked 
|  97|0x00000000e6100000, 0x00000000e6100000, 0x00000000e6200000|  0%| F|  |TAMS 0x00000000e6100000, 0x00000000e6100000| Untracked 
|  98|0x00000000e6200000, 0x00000000e6200000, 0x00000000e6300000|  0%| F|  |TAMS 0x00000000e6200000, 0x00000000e6200000| Untracked 
|  99|0x00000000e6300000, 0x00000000e6300000, 0x00000000e6400000|  0%| F|  |TAMS 0x00000000e6300000, 0x00000000e6300000| Untracked 
| 100|0x00000000e6400000, 0x00000000e6400000, 0x00000000e6500000|  0%| F|  |TAMS 0x00000000e6400000, 0x00000000e6400000| Untracked 
| 101|0x00000000e6500000, 0x00000000e6500000, 0x00000000e6600000|  0%| F|  |TAMS 0x00000000e6500000, 0x00000000e6500000| Untracked 
| 102|0x00000000e6600000, 0x00000000e6600000, 0x00000000e6700000|  0%| F|  |TAMS 0x00000000e6600000, 0x00000000e6600000| Untracked 
| 103|0x00000000e6700000, 0x00000000e6700000, 0x00000000e6800000|  0%| F|  |TAMS 0x00000000e6700000, 0x00000000e6700000| Untracked 
| 104|0x00000000e6800000, 0x00000000e6800000, 0x00000000e6900000|  0%| F|  |TAMS 0x00000000e6800000, 0x00000000e6800000| Untracked 
| 105|0x00000000e6900000, 0x00000000e6900000, 0x00000000e6a00000|  0%| F|  |TAMS 0x00000000e6900000, 0x00000000e6900000| Untracked 
| 106|0x00000000e6a00000, 0x00000000e6a00000, 0x00000000e6b00000|  0%| F|  |TAMS 0x00000000e6a00000, 0x00000000e6a00000| Untracked 
| 107|0x00000000e6b00000, 0x00000000e6b00000, 0x00000000e6c00000|  0%| F|  |TAMS 0x00000000e6b00000, 0x00000000e6b00000| Untracked 
| 108|0x00000000e6c00000, 0x00000000e6c00000, 0x00000000e6d00000|  0%| F|  |TAMS 0x00000000e6c00000, 0x00000000e6c00000| Untracked 
| 109|0x00000000e6d00000, 0x00000000e6d00000, 0x00000000e6e00000|  0%| F|  |TAMS 0x00000000e6d00000, 0x00000000e6d00000| Untracked 
| 110|0x00000000e6e00000, 0x00000000e6e00000, 0x00000000e6f00000|  0%| F|  |TAMS 0x00000000e6e00000, 0x00000000e6e00000| Untracked 
| 111|0x00000000e6f00000, 0x00000000e6f00000, 0x00000000e7000000|  0%| F|  |TAMS 0x00000000e6f00000, 0x00000000e6f00000| Untracked 
| 112|0x00000000e7000000, 0x00000000e7000000, 0x00000000e7100000|  0%| F|  |TAMS 0x00000000e7000000, 0x00000000e7000000| Untracked 
| 113|0x00000000e7100000, 0x00000000e7100000, 0x00000000e7200000|  0%| F|  |TAMS 0x00000000e7100000, 0x00000000e7100000| Untracked 
| 114|0x00000000e7200000, 0x00000000e7200000, 0x00000000e7300000|  0%| F|  |TAMS 0x00000000e7200000, 0x00000000e7200000| Untracked 
| 115|0x00000000e7300000, 0x00000000e7300000, 0x00000000e7400000|  0%| F|  |TAMS 0x00000000e7300000, 0x00000000e7300000| Untracked 
| 116|0x00000000e7400000, 0x00000000e7400000, 0x00000000e7500000|  0%| F|  |TAMS 0x00000000e7400000, 0x00000000e7400000| Untracked 
| 117|0x00000000e7500000, 0x00000000e7500000, 0x00000000e7600000|  0%| F|  |TAMS 0x00000000e7500000, 0x00000000e7500000| Untracked 
| 118|0x00000000e7600000, 0x00000000e7600000, 0x00000000e7700000|  0%| F|  |TAMS 0x00000000e7600000, 0x00000000e7600000| Untracked 
| 119|0x00000000e7700000, 0x00000000e7700000, 0x00000000e7800000|  0%| F|  |TAMS 0x00000000e7700000, 0x00000000e7700000| Untracked 
| 120|0x00000000e7800000, 0x00000000e78808c0, 0x00000000e7900000| 50%| S|CS|TAMS 0x00000000e7800000, 0x00000000e7800000| Complete 
| 121|0x00000000e7900000, 0x00000000e7a00000, 0x00000000e7a00000|100%| S|CS|TAMS 0x00000000e7900000, 0x00000000e7900000| Complete 
| 122|0x00000000e7a00000, 0x00000000e7b00000, 0x00000000e7b00000|100%| S|CS|TAMS 0x00000000e7a00000, 0x00000000e7a00000| Complete 
| 123|0x00000000e7b00000, 0x00000000e7c00000, 0x00000000e7c00000|100%| S|CS|TAMS 0x00000000e7b00000, 0x00000000e7b00000| Complete 
| 124|0x00000000e7c00000, 0x00000000e7d00000, 0x00000000e7d00000|100%| S|CS|TAMS 0x00000000e7c00000, 0x00000000e7c00000| Complete 
| 125|0x00000000e7d00000, 0x00000000e7e00000, 0x00000000e7e00000|100%| S|CS|TAMS 0x00000000e7d00000, 0x00000000e7d00000| Complete 
| 126|0x00000000e7e00000, 0x00000000e7f00000, 0x00000000e7f00000|100%| S|CS|TAMS 0x00000000e7e00000, 0x00000000e7e00000| Complete 
| 127|0x00000000e7f00000, 0x00000000e8000000, 0x00000000e8000000|100%| S|CS|TAMS 0x00000000e7f00000, 0x00000000e7f00000| Complete 
| 128|0x00000000e8000000, 0x00000000e8100000, 0x00000000e8100000|100%| S|CS|TAMS 0x00000000e8000000, 0x00000000e8000000| Complete 
| 129|0x00000000e8100000, 0x00000000e8200000, 0x00000000e8200000|100%| S|CS|TAMS 0x00000000e8100000, 0x00000000e8100000| Complete 
| 130|0x00000000e8200000, 0x00000000e8300000, 0x00000000e8300000|100%| S|CS|TAMS 0x00000000e8200000, 0x00000000e8200000| Complete 
| 131|0x00000000e8300000, 0x00000000e8400000, 0x00000000e8400000|100%| S|CS|TAMS 0x00000000e8300000, 0x00000000e8300000| Complete 
| 132|0x00000000e8400000, 0x00000000e8400000, 0x00000000e8500000|  0%| F|  |TAMS 0x00000000e8400000, 0x00000000e8400000| Untracked 
| 133|0x00000000e8500000, 0x00000000e8500000, 0x00000000e8600000|  0%| F|  |TAMS 0x00000000e8500000, 0x00000000e8500000| Untracked 
| 134|0x00000000e8600000, 0x00000000e8600000, 0x00000000e8700000|  0%| F|  |TAMS 0x00000000e8600000, 0x00000000e8600000| Untracked 
| 135|0x00000000e8700000, 0x00000000e8700000, 0x00000000e8800000|  0%| F|  |TAMS 0x00000000e8700000, 0x00000000e8700000| Untracked 
| 136|0x00000000e8800000, 0x00000000e8800000, 0x00000000e8900000|  0%| F|  |TAMS 0x00000000e8800000, 0x00000000e8800000| Untracked 
| 137|0x00000000e8900000, 0x00000000e8900000, 0x00000000e8a00000|  0%| F|  |TAMS 0x00000000e8900000, 0x00000000e8900000| Untracked 
| 138|0x00000000e8a00000, 0x00000000e8a00000, 0x00000000e8b00000|  0%| F|  |TAMS 0x00000000e8a00000, 0x00000000e8a00000| Untracked 
| 139|0x00000000e8b00000, 0x00000000e8b00000, 0x00000000e8c00000|  0%| F|  |TAMS 0x00000000e8b00000, 0x00000000e8b00000| Untracked 
| 140|0x00000000e8c00000, 0x00000000e8c00000, 0x00000000e8d00000|  0%| F|  |TAMS 0x00000000e8c00000, 0x00000000e8c00000| Untracked 
| 141|0x00000000e8d00000, 0x00000000e8d00000, 0x00000000e8e00000|  0%| F|  |TAMS 0x00000000e8d00000, 0x00000000e8d00000| Untracked 
| 142|0x00000000e8e00000, 0x00000000e8e00000, 0x00000000e8f00000|  0%| F|  |TAMS 0x00000000e8e00000, 0x00000000e8e00000| Untracked 
| 143|0x00000000e8f00000, 0x00000000e8f00000, 0x00000000e9000000|  0%| F|  |TAMS 0x00000000e8f00000, 0x00000000e8f00000| Untracked 
| 144|0x00000000e9000000, 0x00000000e9000000, 0x00000000e9100000|  0%| F|  |TAMS 0x00000000e9000000, 0x00000000e9000000| Untracked 
| 145|0x00000000e9100000, 0x00000000e9100000, 0x00000000e9200000|  0%| F|  |TAMS 0x00000000e9100000, 0x00000000e9100000| Untracked 
| 146|0x00000000e9200000, 0x00000000e9200000, 0x00000000e9300000|  0%| F|  |TAMS 0x00000000e9200000, 0x00000000e9200000| Untracked 
| 147|0x00000000e9300000, 0x00000000e9300000, 0x00000000e9400000|  0%| F|  |TAMS 0x00000000e9300000, 0x00000000e9300000| Untracked 
| 148|0x00000000e9400000, 0x00000000e9400000, 0x00000000e9500000|  0%| F|  |TAMS 0x00000000e9400000, 0x00000000e9400000| Untracked 
| 149|0x00000000e9500000, 0x00000000e9500000, 0x00000000e9600000|  0%| F|  |TAMS 0x00000000e9500000, 0x00000000e9500000| Untracked 
| 150|0x00000000e9600000, 0x00000000e9600000, 0x00000000e9700000|  0%| F|  |TAMS 0x00000000e9600000, 0x00000000e9600000| Untracked 
| 151|0x00000000e9700000, 0x00000000e9700000, 0x00000000e9800000|  0%| F|  |TAMS 0x00000000e9700000, 0x00000000e9700000| Untracked 
| 152|0x00000000e9800000, 0x00000000e9800000, 0x00000000e9900000|  0%| F|  |TAMS 0x00000000e9800000, 0x00000000e9800000| Untracked 
| 153|0x00000000e9900000, 0x00000000e9900000, 0x00000000e9a00000|  0%| F|  |TAMS 0x00000000e9900000, 0x00000000e9900000| Untracked 
| 154|0x00000000e9a00000, 0x00000000e9a00000, 0x00000000e9b00000|  0%| F|  |TAMS 0x00000000e9a00000, 0x00000000e9a00000| Untracked 
| 155|0x00000000e9b00000, 0x00000000e9b00000, 0x00000000e9c00000|  0%| F|  |TAMS 0x00000000e9b00000, 0x00000000e9b00000| Untracked 
| 156|0x00000000e9c00000, 0x00000000e9c00000, 0x00000000e9d00000|  0%| F|  |TAMS 0x00000000e9c00000, 0x00000000e9c00000| Untracked 
| 157|0x00000000e9d00000, 0x00000000e9d00000, 0x00000000e9e00000|  0%| F|  |TAMS 0x00000000e9d00000, 0x00000000e9d00000| Untracked 
| 158|0x00000000e9e00000, 0x00000000e9e00000, 0x00000000e9f00000|  0%| F|  |TAMS 0x00000000e9e00000, 0x00000000e9e00000| Untracked 
| 159|0x00000000e9f00000, 0x00000000e9f00000, 0x00000000ea000000|  0%| F|  |TAMS 0x00000000e9f00000, 0x00000000e9f00000| Untracked 
| 160|0x00000000ea000000, 0x00000000ea000000, 0x00000000ea100000|  0%| F|  |TAMS 0x00000000ea000000, 0x00000000ea000000| Untracked 
| 161|0x00000000ea100000, 0x00000000ea100000, 0x00000000ea200000|  0%| F|  |TAMS 0x00000000ea100000, 0x00000000ea100000| Untracked 
| 162|0x00000000ea200000, 0x00000000ea200000, 0x00000000ea300000|  0%| F|  |TAMS 0x00000000ea200000, 0x00000000ea200000| Untracked 
| 163|0x00000000ea300000, 0x00000000ea300000, 0x00000000ea400000|  0%| F|  |TAMS 0x00000000ea300000, 0x00000000ea300000| Untracked 
| 164|0x00000000ea400000, 0x00000000ea400000, 0x00000000ea500000|  0%| F|  |TAMS 0x00000000ea400000, 0x00000000ea400000| Untracked 
| 165|0x00000000ea500000, 0x00000000ea500000, 0x00000000ea600000|  0%| F|  |TAMS 0x00000000ea500000, 0x00000000ea500000| Untracked 
| 166|0x00000000ea600000, 0x00000000ea600000, 0x00000000ea700000|  0%| F|  |TAMS 0x00000000ea600000, 0x00000000ea600000| Untracked 
| 167|0x00000000ea700000, 0x00000000ea700000, 0x00000000ea800000|  0%| F|  |TAMS 0x00000000ea700000, 0x00000000ea700000| Untracked 
| 168|0x00000000ea800000, 0x00000000ea800000, 0x00000000ea900000|  0%| F|  |TAMS 0x00000000ea800000, 0x00000000ea800000| Untracked 
| 169|0x00000000ea900000, 0x00000000ea900000, 0x00000000eaa00000|  0%| F|  |TAMS 0x00000000ea900000, 0x00000000ea900000| Untracked 
| 170|0x00000000eaa00000, 0x00000000eaa00000, 0x00000000eab00000|  0%| F|  |TAMS 0x00000000eaa00000, 0x00000000eaa00000| Untracked 
| 171|0x00000000eab00000, 0x00000000eab00000, 0x00000000eac00000|  0%| F|  |TAMS 0x00000000eab00000, 0x00000000eab00000| Untracked 
| 172|0x00000000eac00000, 0x00000000eac00000, 0x00000000ead00000|  0%| F|  |TAMS 0x00000000eac00000, 0x00000000eac00000| Untracked 
| 173|0x00000000ead00000, 0x00000000ead00000, 0x00000000eae00000|  0%| F|  |TAMS 0x00000000ead00000, 0x00000000ead00000| Untracked 
| 174|0x00000000eae00000, 0x00000000eae00000, 0x00000000eaf00000|  0%| F|  |TAMS 0x00000000eae00000, 0x00000000eae00000| Untracked 
| 175|0x00000000eaf00000, 0x00000000eaf00000, 0x00000000eb000000|  0%| F|  |TAMS 0x00000000eaf00000, 0x00000000eaf00000| Untracked 
| 176|0x00000000eb000000, 0x00000000eb000000, 0x00000000eb100000|  0%| F|  |TAMS 0x00000000eb000000, 0x00000000eb000000| Untracked 
| 177|0x00000000eb100000, 0x00000000eb100000, 0x00000000eb200000|  0%| F|  |TAMS 0x00000000eb100000, 0x00000000eb100000| Untracked 
| 178|0x00000000eb200000, 0x00000000eb200000, 0x00000000eb300000|  0%| F|  |TAMS 0x00000000eb200000, 0x00000000eb200000| Untracked 
| 179|0x00000000eb300000, 0x00000000eb300000, 0x00000000eb400000|  0%| F|  |TAMS 0x00000000eb300000, 0x00000000eb300000| Untracked 
| 180|0x00000000eb400000, 0x00000000eb500000, 0x00000000eb500000|100%| E|  |TAMS 0x00000000eb400000, 0x00000000eb400000| Complete 
| 181|0x00000000eb500000, 0x00000000eb600000, 0x00000000eb600000|100%| E|CS|TAMS 0x00000000eb500000, 0x00000000eb500000| Complete 
| 182|0x00000000eb600000, 0x00000000eb700000, 0x00000000eb700000|100%| E|CS|TAMS 0x00000000eb600000, 0x00000000eb600000| Complete 
| 183|0x00000000eb700000, 0x00000000eb800000, 0x00000000eb800000|100%| E|CS|TAMS 0x00000000eb700000, 0x00000000eb700000| Complete 
| 184|0x00000000eb800000, 0x00000000eb900000, 0x00000000eb900000|100%| E|CS|TAMS 0x00000000eb800000, 0x00000000eb800000| Complete 
| 185|0x00000000eb900000, 0x00000000eba00000, 0x00000000eba00000|100%| E|CS|TAMS 0x00000000eb900000, 0x00000000eb900000| Complete 
| 186|0x00000000eba00000, 0x00000000ebb00000, 0x00000000ebb00000|100%| E|CS|TAMS 0x00000000eba00000, 0x00000000eba00000| Complete 
| 187|0x00000000ebb00000, 0x00000000ebc00000, 0x00000000ebc00000|100%| E|CS|TAMS 0x00000000ebb00000, 0x00000000ebb00000| Complete 
| 188|0x00000000ebc00000, 0x00000000ebd00000, 0x00000000ebd00000|100%| E|CS|TAMS 0x00000000ebc00000, 0x00000000ebc00000| Complete 
| 189|0x00000000ebd00000, 0x00000000ebe00000, 0x00000000ebe00000|100%| E|CS|TAMS 0x00000000ebd00000, 0x00000000ebd00000| Complete 
| 190|0x00000000ebe00000, 0x00000000ebf00000, 0x00000000ebf00000|100%| E|CS|TAMS 0x00000000ebe00000, 0x00000000ebe00000| Complete 
| 191|0x00000000ebf00000, 0x00000000ec000000, 0x00000000ec000000|100%| E|CS|TAMS 0x00000000ebf00000, 0x00000000ebf00000| Complete 
| 192|0x00000000ec000000, 0x00000000ec100000, 0x00000000ec100000|100%| E|CS|TAMS 0x00000000ec000000, 0x00000000ec000000| Complete 
| 193|0x00000000ec100000, 0x00000000ec200000, 0x00000000ec200000|100%| E|CS|TAMS 0x00000000ec100000, 0x00000000ec100000| Complete 
| 194|0x00000000ec200000, 0x00000000ec300000, 0x00000000ec300000|100%| E|CS|TAMS 0x00000000ec200000, 0x00000000ec200000| Complete 
| 195|0x00000000ec300000, 0x00000000ec400000, 0x00000000ec400000|100%| E|CS|TAMS 0x00000000ec300000, 0x00000000ec300000| Complete 
| 196|0x00000000ec400000, 0x00000000ec500000, 0x00000000ec500000|100%| E|CS|TAMS 0x00000000ec400000, 0x00000000ec400000| Complete 
| 197|0x00000000ec500000, 0x00000000ec600000, 0x00000000ec600000|100%| E|CS|TAMS 0x00000000ec500000, 0x00000000ec500000| Complete 
| 198|0x00000000ec600000, 0x00000000ec700000, 0x00000000ec700000|100%| E|CS|TAMS 0x00000000ec600000, 0x00000000ec600000| Complete 
| 199|0x00000000ec700000, 0x00000000ec800000, 0x00000000ec800000|100%| E|CS|TAMS 0x00000000ec700000, 0x00000000ec700000| Complete 
| 200|0x00000000ec800000, 0x00000000ec900000, 0x00000000ec900000|100%| E|CS|TAMS 0x00000000ec800000, 0x00000000ec800000| Complete 
| 201|0x00000000ec900000, 0x00000000eca00000, 0x00000000eca00000|100%| E|CS|TAMS 0x00000000ec900000, 0x00000000ec900000| Complete 
| 202|0x00000000eca00000, 0x00000000ecb00000, 0x00000000ecb00000|100%| E|CS|TAMS 0x00000000eca00000, 0x00000000eca00000| Complete 
| 203|0x00000000ecb00000, 0x00000000ecc00000, 0x00000000ecc00000|100%| E|CS|TAMS 0x00000000ecb00000, 0x00000000ecb00000| Complete 
| 204|0x00000000ecc00000, 0x00000000ecd00000, 0x00000000ecd00000|100%| E|CS|TAMS 0x00000000ecc00000, 0x00000000ecc00000| Complete 
| 205|0x00000000ecd00000, 0x00000000ece00000, 0x00000000ece00000|100%| E|CS|TAMS 0x00000000ecd00000, 0x00000000ecd00000| Complete 
| 206|0x00000000ece00000, 0x00000000ecf00000, 0x00000000ecf00000|100%| E|CS|TAMS 0x00000000ece00000, 0x00000000ece00000| Complete 
| 207|0x00000000ecf00000, 0x00000000ed000000, 0x00000000ed000000|100%| E|CS|TAMS 0x00000000ecf00000, 0x00000000ecf00000| Complete 
| 208|0x00000000ed000000, 0x00000000ed100000, 0x00000000ed100000|100%| E|CS|TAMS 0x00000000ed000000, 0x00000000ed000000| Complete 
| 209|0x00000000ed100000, 0x00000000ed200000, 0x00000000ed200000|100%| E|CS|TAMS 0x00000000ed100000, 0x00000000ed100000| Complete 
| 210|0x00000000ed200000, 0x00000000ed300000, 0x00000000ed300000|100%| E|CS|TAMS 0x00000000ed200000, 0x00000000ed200000| Complete 
| 211|0x00000000ed300000, 0x00000000ed400000, 0x00000000ed400000|100%| E|CS|TAMS 0x00000000ed300000, 0x00000000ed300000| Complete 
| 212|0x00000000ed400000, 0x00000000ed500000, 0x00000000ed500000|100%| E|CS|TAMS 0x00000000ed400000, 0x00000000ed400000| Complete 
| 213|0x00000000ed500000, 0x00000000ed600000, 0x00000000ed600000|100%| E|CS|TAMS 0x00000000ed500000, 0x00000000ed500000| Complete 
| 214|0x00000000ed600000, 0x00000000ed700000, 0x00000000ed700000|100%| E|CS|TAMS 0x00000000ed600000, 0x00000000ed600000| Complete 
| 215|0x00000000ed700000, 0x00000000ed800000, 0x00000000ed800000|100%| E|CS|TAMS 0x00000000ed700000, 0x00000000ed700000| Complete 
| 216|0x00000000ed800000, 0x00000000ed900000, 0x00000000ed900000|100%| E|CS|TAMS 0x00000000ed800000, 0x00000000ed800000| Complete 
| 217|0x00000000ed900000, 0x00000000eda00000, 0x00000000eda00000|100%| E|CS|TAMS 0x00000000ed900000, 0x00000000ed900000| Complete 
| 218|0x00000000eda00000, 0x00000000edb00000, 0x00000000edb00000|100%| E|CS|TAMS 0x00000000eda00000, 0x00000000eda00000| Complete 
| 219|0x00000000edb00000, 0x00000000edc00000, 0x00000000edc00000|100%| E|CS|TAMS 0x00000000edb00000, 0x00000000edb00000| Complete 
| 220|0x00000000edc00000, 0x00000000edd00000, 0x00000000edd00000|100%| E|CS|TAMS 0x00000000edc00000, 0x00000000edc00000| Complete 
| 221|0x00000000edd00000, 0x00000000ede00000, 0x00000000ede00000|100%| E|CS|TAMS 0x00000000edd00000, 0x00000000edd00000| Complete 
| 222|0x00000000ede00000, 0x00000000edf00000, 0x00000000edf00000|100%| E|CS|TAMS 0x00000000ede00000, 0x00000000ede00000| Complete 
| 223|0x00000000edf00000, 0x00000000ee000000, 0x00000000ee000000|100%| E|CS|TAMS 0x00000000edf00000, 0x00000000edf00000| Complete 
| 224|0x00000000ee000000, 0x00000000ee100000, 0x00000000ee100000|100%| E|CS|TAMS 0x00000000ee000000, 0x00000000ee000000| Complete 
| 225|0x00000000ee100000, 0x00000000ee200000, 0x00000000ee200000|100%| E|CS|TAMS 0x00000000ee100000, 0x00000000ee100000| Complete 
| 226|0x00000000ee200000, 0x00000000ee300000, 0x00000000ee300000|100%| E|CS|TAMS 0x00000000ee200000, 0x00000000ee200000| Complete 
| 227|0x00000000ee300000, 0x00000000ee400000, 0x00000000ee400000|100%| E|CS|TAMS 0x00000000ee300000, 0x00000000ee300000| Complete 
| 228|0x00000000ee400000, 0x00000000ee500000, 0x00000000ee500000|100%| E|CS|TAMS 0x00000000ee400000, 0x00000000ee400000| Complete 
| 229|0x00000000ee500000, 0x00000000ee600000, 0x00000000ee600000|100%| E|CS|TAMS 0x00000000ee500000, 0x00000000ee500000| Complete 
| 230|0x00000000ee600000, 0x00000000ee700000, 0x00000000ee700000|100%| E|CS|TAMS 0x00000000ee600000, 0x00000000ee600000| Complete 
| 231|0x00000000ee700000, 0x00000000ee800000, 0x00000000ee800000|100%| E|CS|TAMS 0x00000000ee700000, 0x00000000ee700000| Complete 
| 232|0x00000000ee800000, 0x00000000ee900000, 0x00000000ee900000|100%| E|CS|TAMS 0x00000000ee800000, 0x00000000ee800000| Complete 
| 233|0x00000000ee900000, 0x00000000eea00000, 0x00000000eea00000|100%| E|CS|TAMS 0x00000000ee900000, 0x00000000ee900000| Complete 
| 234|0x00000000eea00000, 0x00000000eeb00000, 0x00000000eeb00000|100%| E|CS|TAMS 0x00000000eea00000, 0x00000000eea00000| Complete 
| 235|0x00000000eeb00000, 0x00000000eec00000, 0x00000000eec00000|100%| E|CS|TAMS 0x00000000eeb00000, 0x00000000eeb00000| Complete 
| 236|0x00000000eec00000, 0x00000000eed00000, 0x00000000eed00000|100%| E|CS|TAMS 0x00000000eec00000, 0x00000000eec00000| Complete 
| 237|0x00000000eed00000, 0x00000000eee00000, 0x00000000eee00000|100%| E|CS|TAMS 0x00000000eed00000, 0x00000000eed00000| Complete 
| 238|0x00000000eee00000, 0x00000000eef00000, 0x00000000eef00000|100%| E|CS|TAMS 0x00000000eee00000, 0x00000000eee00000| Complete 
| 239|0x00000000eef00000, 0x00000000ef000000, 0x00000000ef000000|100%| E|CS|TAMS 0x00000000eef00000, 0x00000000eef00000| Complete 
| 240|0x00000000ef000000, 0x00000000ef100000, 0x00000000ef100000|100%| E|CS|TAMS 0x00000000ef000000, 0x00000000ef000000| Complete 
| 241|0x00000000ef100000, 0x00000000ef200000, 0x00000000ef200000|100%| E|CS|TAMS 0x00000000ef100000, 0x00000000ef100000| Complete 
| 242|0x00000000ef200000, 0x00000000ef300000, 0x00000000ef300000|100%| E|CS|TAMS 0x00000000ef200000, 0x00000000ef200000| Complete 
| 243|0x00000000ef300000, 0x00000000ef400000, 0x00000000ef400000|100%| E|CS|TAMS 0x00000000ef300000, 0x00000000ef300000| Complete 
| 244|0x00000000ef400000, 0x00000000ef500000, 0x00000000ef500000|100%| E|CS|TAMS 0x00000000ef400000, 0x00000000ef400000| Complete 
| 245|0x00000000ef500000, 0x00000000ef600000, 0x00000000ef600000|100%| E|CS|TAMS 0x00000000ef500000, 0x00000000ef500000| Complete 
| 246|0x00000000ef600000, 0x00000000ef700000, 0x00000000ef700000|100%| E|CS|TAMS 0x00000000ef600000, 0x00000000ef600000| Complete 
| 247|0x00000000ef700000, 0x00000000ef800000, 0x00000000ef800000|100%| E|CS|TAMS 0x00000000ef700000, 0x00000000ef700000| Complete 
| 248|0x00000000ef800000, 0x00000000ef900000, 0x00000000ef900000|100%| E|CS|TAMS 0x00000000ef800000, 0x00000000ef800000| Complete 
| 249|0x00000000ef900000, 0x00000000efa00000, 0x00000000efa00000|100%| E|CS|TAMS 0x00000000ef900000, 0x00000000ef900000| Complete 
| 250|0x00000000efa00000, 0x00000000efb00000, 0x00000000efb00000|100%| E|CS|TAMS 0x00000000efa00000, 0x00000000efa00000| Complete 
| 251|0x00000000efb00000, 0x00000000efc00000, 0x00000000efc00000|100%| E|CS|TAMS 0x00000000efb00000, 0x00000000efb00000| Complete 
| 252|0x00000000efc00000, 0x00000000efd00000, 0x00000000efd00000|100%| E|CS|TAMS 0x00000000efc00000, 0x00000000efc00000| Complete 
| 253|0x00000000efd00000, 0x00000000efe00000, 0x00000000efe00000|100%| E|CS|TAMS 0x00000000efd00000, 0x00000000efd00000| Complete 
| 254|0x00000000efe00000, 0x00000000eff00000, 0x00000000eff00000|100%| E|CS|TAMS 0x00000000efe00000, 0x00000000efe00000| Complete 
| 255|0x00000000eff00000, 0x00000000f0000000, 0x00000000f0000000|100%| E|CS|TAMS 0x00000000eff00000, 0x00000000eff00000| Complete 

Card table byte_map: [0x000001a7f7e80000,0x000001a7f7f80000] _byte_map_base: 0x000001a7f7780000

Marking Bits (Prev, Next): (CMBitMap*) 0x000001a7e0a1de20, (CMBitMap*) 0x000001a7e0a1dde0
 Prev Bits: [0x000001a7f8880000, 0x000001a7f9080000)
 Next Bits: [0x000001a7f8080000, 0x000001a7f8880000)

Polling page: 0x000001a7e01b0000

Metaspace:

Usage:
  Non-class:     26.09 MB used.
      Class:      4.36 MB used.
       Both:     30.44 MB used.

Virtual space:
  Non-class space:       64.00 MB reserved,      26.25 MB ( 41%) committed,  1 nodes.
      Class space:      320.00 MB reserved,       4.56 MB (  1%) committed,  1 nodes.
             Both:      384.00 MB reserved,      30.81 MB (  8%) committed. 

Chunk freelists:
   Non-Class:  5.59 MB
       Class:  11.47 MB
        Both:  17.06 MB

MaxMetaspaceSize: 384.00 MB
CompressedClassSpaceSize: 320.00 MB
Initial GC threshold: 21.00 MB
Current GC threshold: 35.12 MB
CDS: on
MetaspaceReclaimPolicy: balanced
 - commit_granule_bytes: 65536.
 - commit_granule_words: 8192.
 - virtual_space_node_default_size: 8388608.
 - enlarge_chunks_in_place: 1.
 - new_chunks_are_fully_committed: 0.
 - uncommit_free_chunks: 1.
 - use_allocation_guard: 0.
 - handle_deallocations: 1.


Internal statistics:

num_allocs_failed_limit: 3.
num_arena_births: 306.
num_arena_deaths: 0.
num_vsnodes_births: 2.
num_vsnodes_deaths: 0.
num_space_committed: 493.
num_space_uncommitted: 0.
num_chunks_returned_to_freelist: 3.
num_chunks_taken_from_freelist: 1421.
num_chunk_merges: 3.
num_chunk_splits: 942.
num_chunks_enlarged: 670.
num_inconsistent_stats: 0.

CodeHeap 'non-profiled nmethods': size=119168Kb used=2232Kb max_used=2232Kb free=116936Kb
 bounds [0x000001a7f00a0000, 0x000001a7f0310000, 0x000001a7f7500000]
CodeHeap 'profiled nmethods': size=119104Kb used=8656Kb max_used=8656Kb free=110447Kb
 bounds [0x000001a7e8500000, 0x000001a7e8d80000, 0x000001a7ef950000]
CodeHeap 'non-nmethods': size=7488Kb used=1252Kb max_used=2897Kb free=6235Kb
 bounds [0x000001a7ef950000, 0x000001a7efcc0000, 0x000001a7f00a0000]
 total_blobs=4673 nmethods=4110 adapters=475
 compilation: enabled
              stopped_count=0, restarted_count=0
 full_count=0

Compilation events (20 events):
Event: 218.067 Thread 0x000001a7fc02c5c0 4098       3       com.sun.beans.introspect.MethodInfo$MethodOrder::compare (13 bytes)
Event: 218.067 Thread 0x000001a7fc02c5c0 nmethod 4098 0x000001a7e8d6f210 code [0x000001a7e8d6f3c0, 0x000001a7e8d6f6e8]
Event: 218.068 Thread 0x000001a7fc02c5c0 4105       3       java.util.TreeMap::addEntry (59 bytes)
Event: 218.068 Thread 0x000001a7fc02c5c0 nmethod 4105 0x000001a7e8d6f810 code [0x000001a7e8d6f9e0, 0x000001a7e8d6fea8]
Event: 218.070 Thread 0x000001a7fc02c5c0 4106       1       java.beans.FeatureDescriptor::getName (5 bytes)
Event: 218.070 Thread 0x000001a7fc02c5c0 nmethod 4106 0x000001a7f02cce10 code [0x000001a7f02ccfa0, 0x000001a7f02cd078]
Event: 218.070 Thread 0x000001a7fc02c5c0 4107       3       java.lang.reflect.Method::getExceptionTypes (11 bytes)
Event: 218.070 Thread 0x000001a7fc02c5c0 nmethod 4107 0x000001a7e8d70090 code [0x000001a7e8d70240, 0x000001a7e8d70508]
Event: 218.071 Thread 0x000001a7fc02c5c0 4108       1       java.lang.reflect.Modifier::methodModifiers (4 bytes)
Event: 218.071 Thread 0x000001a7fc02c5c0 nmethod 4108 0x000001a7f02cd110 code [0x000001a7f02cd2a0, 0x000001a7f02cd358]
Event: 218.071 Thread 0x000001a7fc02c5c0 4109       3       java.util.StringJoiner::<init> (10 bytes)
Event: 218.072 Thread 0x000001a7fc02c5c0 nmethod 4109 0x000001a7e8d70610 code [0x000001a7e8d707c0, 0x000001a7e8d70908]
Event: 218.073 Thread 0x000001a7fc02c5c0 4110       3       java.beans.FeatureDescriptor::getClass0 (22 bytes)
Event: 218.073 Thread 0x000001a7fc02c5c0 nmethod 4110 0x000001a7e8d70990 code [0x000001a7e8d70b40, 0x000001a7e8d70e88]
Event: 218.073 Thread 0x000001a7fc02c5c0 4111       1       java.beans.FeatureDescriptor::setName (6 bytes)
Event: 218.073 Thread 0x000001a7fc02c5c0 nmethod 4111 0x000001a7f02cd410 code [0x000001a7f02cd5a0, 0x000001a7f02cd6b8]
Event: 218.073 Thread 0x000001a7fc02c5c0 4112       1       java.util.TreeMap$Entry::getValue (5 bytes)
Event: 218.073 Thread 0x000001a7fc02c5c0 nmethod 4112 0x000001a7f02cd710 code [0x000001a7f02cd8a0, 0x000001a7f02cd978]
Event: 218.076 Thread 0x000001a7fc02c5c0 4113       3       java.lang.invoke.DirectMethodHandle::makeAllocator (137 bytes)
Event: 218.076 Thread 0x000001a7fc02c5c0 nmethod 4113 0x000001a7e8d70f90 code [0x000001a7e8d711a0, 0x000001a7e8d715f8]

GC Heap History (6 events):
Event: 4.156 GC heap before
{Heap before GC invocations=0 (full 0):
 garbage-first heap   total 262144K, used 26624K [0x00000000e0000000, 0x0000000100000000)
  region size 1024K, 23 young (23552K), 0 survivors (0K)
 Metaspace       used 2862K, committed 2944K, reserved 393216K
  class space    used 349K, committed 384K, reserved 327680K
}
Event: 4.850 GC heap after
{Heap after GC invocations=1 (full 0):
 garbage-first heap   total 262144K, used 10604K [0x00000000e0000000, 0x0000000100000000)
  region size 1024K, 3 young (3072K), 3 survivors (3072K)
 Metaspace       used 2862K, committed 2944K, reserved 393216K
  class space    used 349K, committed 384K, reserved 327680K
}
Event: 6.569 GC heap before
{Heap before GC invocations=1 (full 0):
 garbage-first heap   total 262144K, used 38252K [0x00000000e0000000, 0x0000000100000000)
  region size 1024K, 30 young (30720K), 3 survivors (3072K)
 Metaspace       used 4087K, committed 4288K, reserved 393216K
  class space    used 495K, committed 576K, reserved 327680K
}
Event: 6.575 GC heap after
{Heap after GC invocations=2 (full 0):
 garbage-first heap   total 262144K, used 11847K [0x00000000e0000000, 0x0000000100000000)
  region size 1024K, 1 young (1024K), 1 survivors (1024K)
 Metaspace       used 4087K, committed 4288K, reserved 393216K
  class space    used 495K, committed 576K, reserved 327680K
}
Event: 76.292 GC heap before
{Heap before GC invocations=2 (full 0):
 garbage-first heap   total 262144K, used 136775K [0x00000000e0000000, 0x0000000100000000)
  region size 1024K, 124 young (126976K), 1 survivors (1024K)
 Metaspace       used 21225K, committed 21504K, reserved 393216K
  class space    used 3088K, committed 3264K, reserved 327680K
}
Event: 76.452 GC heap after
{Heap after GC invocations=3 (full 0):
 garbage-first heap   total 262144K, used 22709K [0x00000000e0000000, 0x0000000100000000)
  region size 1024K, 12 young (12288K), 12 survivors (12288K)
 Metaspace       used 21225K, committed 21504K, reserved 393216K
  class space    used 3088K, committed 3264K, reserved 327680K
}

Dll operation events (14 events):
Event: 0.040 Loaded shared library C:\Users\KSH\.jdks\corretto-17.0.9\bin\java.dll
Event: 0.256 Loaded shared library C:\Users\KSH\.jdks\corretto-17.0.9\bin\jsvml.dll
Event: 1.074 Loaded shared library C:\Users\KSH\.jdks\corretto-17.0.9\bin\zip.dll
Event: 1.083 Loaded shared library C:\Users\KSH\.jdks\corretto-17.0.9\bin\instrument.dll
Event: 1.102 Loaded shared library C:\Users\KSH\.jdks\corretto-17.0.9\bin\net.dll
Event: 1.106 Loaded shared library C:\Users\KSH\.jdks\corretto-17.0.9\bin\nio.dll
Event: 1.291 Loaded shared library C:\Users\KSH\.jdks\corretto-17.0.9\bin\zip.dll
Event: 2.921 Loaded shared library C:\Users\KSH\.jdks\corretto-17.0.9\bin\jimage.dll
Event: 3.267 Loaded shared library C:\Users\KSH\.jdks\corretto-17.0.9\bin\verify.dll
Event: 3.817 Loaded shared library C:\Users\KSH\.gradle\native\c067742578af261105cb4f569cf0c3c89f3d7b1fecec35dd04571415982c5e48\windows-amd64\native-platform.dll
Event: 3.831 Loaded shared library C:\Users\KSH\.gradle\native\38dada09dfb8b06ba9b0570ebf7e218e3eb74d4ef43ca46872605cf95ebc2f47\windows-amd64\native-platform-file-events.dll
Event: 7.744 Loaded shared library C:\Users\KSH\.jdks\corretto-17.0.9\bin\management.dll
Event: 7.750 Loaded shared library C:\Users\KSH\.jdks\corretto-17.0.9\bin\management_ext.dll
Event: 21.146 Loaded shared library C:\Users\KSH\.jdks\corretto-17.0.9\bin\sunmscapi.dll

Deoptimization events (20 events):
Event: 217.114 Thread 0x000001a7fe1d9990 DEOPT PACKING pc=0x000001a7f02a8ed8 sp=0x00000015596f7440
Event: 217.114 Thread 0x000001a7fe1d9990 DEOPT UNPACKING pc=0x000001a7ef9a69a3 sp=0x00000015596f73d0 mode 2
Event: 217.473 Thread 0x000001a7fe1d9990 Uncommon trap: trap_request=0xffffffc6 fr.pc=0x000001a7f024e388 relative=0x00000000000001c8
Event: 217.473 Thread 0x000001a7fe1d9990 Uncommon trap: reason=bimorphic_or_optimized_type_check action=maybe_recompile pc=0x000001a7f024e388 method=java.util.regex.Pattern$BmpCharProperty.match(Ljava/util/regex/Matcher;ILjava/lang/CharSequence;)Z @ 19 c2
Event: 217.473 Thread 0x000001a7fe1d9990 DEOPT PACKING pc=0x000001a7f024e388 sp=0x00000015596f7a70
Event: 217.473 Thread 0x000001a7fe1d9990 DEOPT UNPACKING pc=0x000001a7ef9a69a3 sp=0x00000015596f7a08 mode 2
Event: 217.473 Thread 0x000001a7fe1d9990 Uncommon trap: trap_request=0xffffffc6 fr.pc=0x000001a7f024e388 relative=0x00000000000001c8
Event: 217.473 Thread 0x000001a7fe1d9990 Uncommon trap: reason=bimorphic_or_optimized_type_check action=maybe_recompile pc=0x000001a7f024e388 method=java.util.regex.Pattern$BmpCharProperty.match(Ljava/util/regex/Matcher;ILjava/lang/CharSequence;)Z @ 19 c2
Event: 217.473 Thread 0x000001a7fe1d9990 DEOPT PACKING pc=0x000001a7f024e388 sp=0x00000015596f7a70
Event: 217.473 Thread 0x000001a7fe1d9990 DEOPT UNPACKING pc=0x000001a7ef9a69a3 sp=0x00000015596f7a08 mode 2
Event: 217.517 Thread 0x000001a7fe1d9990 Uncommon trap: trap_request=0xffffff45 fr.pc=0x000001a7f017bb3c relative=0x000000000000059c
Event: 217.517 Thread 0x000001a7fe1d9990 Uncommon trap: reason=unstable_if action=reinterpret pc=0x000001a7f017bb3c method=java.util.Properties$LineReader.readLine()I @ 95 c2
Event: 217.517 Thread 0x000001a7fe1d9990 DEOPT PACKING pc=0x000001a7f017bb3c sp=0x00000015596f7de0
Event: 217.517 Thread 0x000001a7fe1d9990 DEOPT UNPACKING pc=0x000001a7ef9a69a3 sp=0x00000015596f7d90 mode 2
Event: 217.623 Thread 0x000001a7fe1d9990 DEOPT PACKING pc=0x000001a7e8a3ed5c sp=0x00000015596f74a0
Event: 217.623 Thread 0x000001a7fe1d9990 DEOPT UNPACKING pc=0x000001a7ef9a7143 sp=0x00000015596f6a20 mode 0
Event: 218.005 Thread 0x000001a7fe1d9990 Uncommon trap: trap_request=0xffffff54 fr.pc=0x000001a7f013e688 relative=0x0000000000000bc8
Event: 218.005 Thread 0x000001a7fe1d9990 Uncommon trap: reason=speculate_null_assert action=make_not_entrant pc=0x000001a7f013e688 method=jdk.internal.loader.URLClassPath$JarLoader.getResource(Ljava/lang/String;ZLjava/util/Set;)Ljdk/internal/loader/Resource; @ 17 c2
Event: 218.005 Thread 0x000001a7fe1d9990 DEOPT PACKING pc=0x000001a7f013e688 sp=0x00000015596f6be0
Event: 218.005 Thread 0x000001a7fe1d9990 DEOPT UNPACKING pc=0x000001a7ef9a69a3 sp=0x00000015596f6b78 mode 2

Classes unloaded (0 events):
No events

Classes redefined (0 events):
No events

Internal exceptions (20 events):
Event: 175.067 Thread 0x000001a7fe1d9990 Exception <a 'java/lang/NoSuchMethodError'{0x00000000ed3a4590}: 'int java.lang.invoke.DirectMethodHandle$Holder.invokeStaticInit(java.lang.Object, java.lang.Object, java.lang.Object)'> (0x00000000ed3a4590) 
thrown [s\src\hotspot\share\interpreter\linkResolver.cpp, line 759]
Event: 175.095 Thread 0x000001a7fe1d9990 Exception <a 'java/lang/NoSuchMethodError'{0x00000000ed3ba2c8}: 'java.lang.Object java.lang.invoke.DirectMethodHandle$Holder.newInvokeSpecial(java.lang.Object, java.lang.Object, long)'> (0x00000000ed3ba2c8) 
thrown [s\src\hotspot\share\interpreter\linkResolver.cpp, line 759]
Event: 175.102 Thread 0x000001a7fe1d9990 Exception <a 'java/lang/NoSuchMethodError'{0x00000000ed201d98}: 'java.lang.Object java.lang.invoke.Invokers$Holder.linkToTargetMethod(java.lang.Object, long, java.lang.Object)'> (0x00000000ed201d98) 
thrown [s\src\hotspot\share\interpreter\linkResolver.cpp, line 759]
Event: 175.635 Thread 0x000001a7fe1d9990 Exception <a 'java/lang/NoSuchMethodError'{0x00000000ed133848}: 'int java.lang.invoke.DirectMethodHandle$Holder.invokeInterface(java.lang.Object, java.lang.Object)'> (0x00000000ed133848) 
thrown [s\src\hotspot\share\interpreter\linkResolver.cpp, line 759]
Event: 176.293 Thread 0x000001a7fe1d9990 Exception <a 'java/lang/NoSuchMethodError'{0x00000000ed15cd40}: 'java.lang.Object java.lang.invoke.DirectMethodHandle$Holder.invokeStatic(java.lang.Object, java.lang.Object, int, java.lang.Object)'> (0x00000000ed15cd40) 
thrown [s\src\hotspot\share\interpreter\linkResolver.cpp, line 759]
Event: 176.330 Thread 0x000001a7fe1d9990 Exception <a 'java/lang/NoSuchMethodError'{0x00000000ed164ae0}: 'java.lang.Object java.lang.invoke.DirectMethodHandle$Holder.newInvokeSpecial(java.lang.Object, java.lang.Object, int, java.lang.Object)'> (0x00000000ed164ae0) 
thrown [s\src\hotspot\share\interpreter\linkResolver.cpp, line 759]
Event: 176.337 Thread 0x000001a7fe1d9990 Exception <a 'java/lang/NoSuchMethodError'{0x00000000ed1693c8}: 'java.lang.Object java.lang.invoke.DirectMethodHandle$Holder.invokeSpecial(java.lang.Object, java.lang.Object, java.lang.Object, int, java.lang.Object)'> (0x00000000ed1693c8) 
thrown [s\src\hotspot\share\interpreter\linkResolver.cpp, line 759]
Event: 214.733 Thread 0x000001a7fe1d9990 Exception <a 'java/lang/NoSuchMethodError'{0x00000000ec8ed370}: 'java.lang.Object java.lang.invoke.DirectMethodHandle$Holder.invokeSpecial(java.lang.Object, java.lang.Object, java.lang.Object, int, java.lang.Object, java.lang.Object)'> (0x00000000ec8ed370) 
thrown [s\src\hotspot\share\interpreter\linkResolver.cpp, line 759]
Event: 215.936 Thread 0x000001a7fe1d9990 Implicit null exception at 0x000001a7f029ff9a to 0x000001a7f02a0478
Event: 216.705 Thread 0x000001a7fe1d9990 Exception <a 'java/lang/NoSuchMethodError'{0x00000000ec14b750}: 'void java.lang.invoke.DirectMethodHandle$Holder.invokeStaticInit(java.lang.Object, java.lang.Object, java.lang.Object)'> (0x00000000ec14b750) 
thrown [s\src\hotspot\share\interpreter\linkResolver.cpp, line 759]
Event: 216.707 Thread 0x000001a7fe1d9990 Exception <a 'java/lang/NoSuchMethodError'{0x00000000ec152bf0}: 'void java.lang.invoke.DirectMethodHandle$Holder.invokeStaticInit(java.lang.Object, java.lang.Object, java.lang.Object, java.lang.Object)'> (0x00000000ec152bf0) 
thrown [s\src\hotspot\share\interpreter\linkResolver.cpp, line 759]
Event: 217.017 Thread 0x000001a7fe1d9990 Exception <a 'java/lang/NoSuchMethodError'{0x00000000ec175258}: 'void java.lang.invoke.DirectMethodHandle$Holder.invokeStaticInit(java.lang.Object, java.lang.Object, java.lang.Object, java.lang.Object, java.lang.Object)'> (0x00000000ec175258) 
thrown [s\src\hotspot\share\interpreter\linkResolver.cpp, line 759]
Event: 217.043 Thread 0x000001a7fe1d9990 Exception <a 'java/lang/NoSuchMethodError'{0x00000000ec1d08b0}: 'int java.lang.invoke.DirectMethodHandle$Holder.invokeStaticInit(java.lang.Object, java.lang.Object, java.lang.Object, java.lang.Object)'> (0x00000000ec1d08b0) 
thrown [s\src\hotspot\share\interpreter\linkResolver.cpp, line 759]
Event: 218.012 Thread 0x000001a7fe1d9990 Exception <a 'java/lang/ClassNotFoundException'{0x00000000eb6331d0}: groovy/lang/ExpandoMetaClassBeanInfo> (0x00000000eb6331d0) 
thrown [s\src\hotspot\share\classfile\systemDictionary.cpp, line 256]
Event: 218.024 Thread 0x000001a7fe1d9990 Exception <a 'java/lang/ClassNotFoundException'{0x00000000eb649ba8}: groovy/lang/MetaClassImplBeanInfo> (0x00000000eb649ba8) 
thrown [s\src\hotspot\share\classfile\systemDictionary.cpp, line 256]
Event: 218.033 Thread 0x000001a7fe1d9990 Exception <a 'java/lang/ClassNotFoundException'{0x00000000eb64f448}: java/lang/ObjectBeanInfo> (0x00000000eb64f448) 
thrown [s\src\hotspot\share\classfile\systemDictionary.cpp, line 256]
Event: 218.033 Thread 0x000001a7fe1d9990 Exception <a 'java/lang/ClassNotFoundException'{0x00000000eb655c78}: java/lang/ObjectCustomizer> (0x00000000eb655c78) 
thrown [s\src\hotspot\share\classfile\systemDictionary.cpp, line 256]
Event: 218.047 Thread 0x000001a7fe1d9990 Exception <a 'java/lang/IncompatibleClassChangeError'{0x00000000eb6656a8}: Found class java.lang.Object, but interface was expected> (0x00000000eb6656a8) 
thrown [s\src\hotspot\share\interpreter\linkResolver.cpp, line 826]
Event: 218.064 Thread 0x000001a7fe1d9990 Exception <a 'java/lang/ClassNotFoundException'{0x00000000eb68b180}: groovy/lang/MetaClassImplCustomizer> (0x00000000eb68b180) 
thrown [s\src\hotspot\share\classfile\systemDictionary.cpp, line 256]
Event: 218.070 Thread 0x000001a7fe1d9990 Exception <a 'java/lang/ClassNotFoundException'{0x00000000eb6c11b0}: groovy/lang/ExpandoMetaClassCustomizer> (0x00000000eb6c11b0) 
thrown [s\src\hotspot\share\classfile\systemDictionary.cpp, line 256]

VM Operations (20 events):
Event: 200.887 Executing VM operation: Cleanup
Event: 200.887 Executing VM operation: Cleanup done
Event: 202.904 Executing VM operation: Cleanup
Event: 202.904 Executing VM operation: Cleanup done
Event: 214.014 Executing VM operation: Cleanup
Event: 214.015 Executing VM operation: Cleanup done
Event: 215.028 Executing VM operation: Cleanup
Event: 215.044 Executing VM operation: Cleanup done
Event: 215.719 Executing VM operation: HandshakeAllThreads
Event: 215.719 Executing VM operation: HandshakeAllThreads done
Event: 216.724 Executing VM operation: Cleanup
Event: 216.802 Executing VM operation: Cleanup done
Event: 217.618 Executing VM operation: HandshakeAllThreads
Event: 217.618 Executing VM operation: HandshakeAllThreads done
Event: 217.732 Executing VM operation: HandshakeAllThreads
Event: 217.732 Executing VM operation: HandshakeAllThreads done
Event: 217.909 Executing VM operation: HandshakeAllThreads
Event: 217.909 Executing VM operation: HandshakeAllThreads done
Event: 217.909 Executing VM operation: Cleanup
Event: 217.909 Executing VM operation: Cleanup done

Events (20 events):
Event: 218.039 loading class com/sun/beans/WeakCache
Event: 218.039 loading class com/sun/beans/WeakCache done
Event: 218.049 loading class com/sun/beans/introspect/EventSetInfo
Event: 218.049 loading class com/sun/beans/introspect/EventSetInfo done
Event: 218.049 loading class com/sun/beans/introspect/PropertyInfo
Event: 218.050 loading class com/sun/beans/introspect/PropertyInfo done
Event: 218.050 loading class com/sun/beans/WildcardTypeImpl
Event: 218.050 loading class com/sun/beans/WildcardTypeImpl done
Event: 218.059 loading class java/beans/BeanProperty
Event: 218.059 loading class java/beans/BeanProperty done
Event: 218.061 loading class com/sun/beans/introspect/PropertyInfo$Name
Event: 218.062 loading class com/sun/beans/introspect/PropertyInfo$Name done
Event: 218.062 loading class java/beans/IndexedPropertyDescriptor
Event: 218.062 loading class java/beans/IndexedPropertyDescriptor done
Event: 218.062 loading class java/beans/GenericBeanInfo
Event: 218.062 loading class java/beans/SimpleBeanInfo
Event: 218.063 loading class java/beans/SimpleBeanInfo done
Event: 218.063 loading class java/beans/GenericBeanInfo done
Event: 218.067 loading class java/util/Hashtable$EntrySet
Event: 218.067 loading class java/util/Hashtable$EntrySet done


Dynamic libraries:
0x00007ff763b40000 - 0x00007ff763b4e000 	C:\Users\KSH\.jdks\corretto-17.0.9\bin\java.exe
0x00007ff924e10000 - 0x00007ff925008000 	C:\Windows\SYSTEM32\ntdll.dll
0x00007ff923040000 - 0x00007ff9230fd000 	C:\Windows\System32\KERNEL32.DLL
0x00007ff922850000 - 0x00007ff922b46000 	C:\Windows\System32\KERNELBASE.dll
0x00007ff9224c0000 - 0x00007ff9225c0000 	C:\Windows\System32\ucrtbase.dll
0x00007ff8e31a0000 - 0x00007ff8e31b7000 	C:\Users\KSH\.jdks\corretto-17.0.9\bin\jli.dll
0x00007ff923490000 - 0x00007ff92362e000 	C:\Windows\System32\USER32.dll
0x00007ff922e10000 - 0x00007ff922e32000 	C:\Windows\System32\win32u.dll
0x00007ff923100000 - 0x00007ff92312b000 	C:\Windows\System32\GDI32.dll
0x00007ff922b50000 - 0x00007ff922c67000 	C:\Windows\System32\gdi32full.dll
0x00007ff922d20000 - 0x00007ff922dbd000 	C:\Windows\System32\msvcp_win.dll
0x00007ff8e31c0000 - 0x00007ff8e31db000 	C:\Users\KSH\.jdks\corretto-17.0.9\bin\VCRUNTIME140.dll
0x00007ff90a630000 - 0x00007ff90a8ca000 	C:\Windows\WinSxS\amd64_microsoft.windows.common-controls_6595b64144ccf1df_6.0.19041.3636_none_60b6a03d71f818d5\COMCTL32.dll
0x00007ff924bc0000 - 0x00007ff924c5e000 	C:\Windows\System32\msvcrt.dll
0x00007ff923630000 - 0x00007ff923662000 	C:\Windows\System32\IMM32.DLL
0x00007ff8e8f90000 - 0x00007ff8e8f9c000 	C:\Users\KSH\.jdks\corretto-17.0.9\bin\vcruntime140_1.dll
0x00007ff8e1e90000 - 0x00007ff8e1f1d000 	C:\Users\KSH\.jdks\corretto-17.0.9\bin\msvcp140.dll
0x00007ff8b4a50000 - 0x00007ff8b56b1000 	C:\Users\KSH\.jdks\corretto-17.0.9\bin\server\jvm.dll
0x00007ff922e60000 - 0x00007ff922f10000 	C:\Windows\System32\ADVAPI32.dll
0x00007ff924a50000 - 0x00007ff924af0000 	C:\Windows\System32\sechost.dll
0x00007ff923ed0000 - 0x00007ff923ff5000 	C:\Windows\System32\RPCRT4.dll
0x00007ff9227b0000 - 0x00007ff9227d7000 	C:\Windows\System32\bcrypt.dll
0x00007ff921dc0000 - 0x00007ff921e0b000 	C:\Windows\SYSTEM32\POWRPROF.dll
0x00007ff8fd920000 - 0x00007ff8fd929000 	C:\Windows\SYSTEM32\WSOCK32.dll
0x00007ff9239f0000 - 0x00007ff923a5b000 	C:\Windows\System32\WS2_32.dll
0x00007ff91ba10000 - 0x00007ff91ba37000 	C:\Windows\SYSTEM32\WINMM.dll
0x00007ff915de0000 - 0x00007ff915dea000 	C:\Windows\SYSTEM32\VERSION.dll
0x00007ff921d50000 - 0x00007ff921d62000 	C:\Windows\SYSTEM32\UMPDC.dll
0x00007ff920310000 - 0x00007ff920322000 	C:\Windows\SYSTEM32\kernel.appcore.dll
0x00007ff8e8c90000 - 0x00007ff8e8c9a000 	C:\Users\KSH\.jdks\corretto-17.0.9\bin\jimage.dll
0x00007ff90da60000 - 0x00007ff90dc44000 	C:\Windows\SYSTEM32\DBGHELP.DLL
0x00007ff90d410000 - 0x00007ff90d444000 	C:\Windows\SYSTEM32\dbgcore.DLL
0x00007ff922720000 - 0x00007ff9227a2000 	C:\Windows\System32\bcryptPrimitives.dll
0x00007ff8fb300000 - 0x00007ff8fb30e000 	C:\Users\KSH\.jdks\corretto-17.0.9\bin\instrument.dll
0x00007ff8e3170000 - 0x00007ff8e3195000 	C:\Users\KSH\.jdks\corretto-17.0.9\bin\java.dll
0x00007ff8dc9d0000 - 0x00007ff8dcaa7000 	C:\Users\KSH\.jdks\corretto-17.0.9\bin\jsvml.dll
0x00007ff924260000 - 0x00007ff9249cb000 	C:\Windows\System32\SHELL32.dll
0x00007ff920530000 - 0x00007ff920cce000 	C:\Windows\SYSTEM32\windows.storage.dll
0x00007ff923130000 - 0x00007ff923483000 	C:\Windows\System32\combase.dll
0x00007ff921e10000 - 0x00007ff921e3e000 	C:\Windows\SYSTEM32\Wldp.dll
0x00007ff924af0000 - 0x00007ff924bbd000 	C:\Windows\System32\OLEAUT32.dll
0x00007ff923740000 - 0x00007ff9237ed000 	C:\Windows\System32\SHCORE.dll
0x00007ff923860000 - 0x00007ff9238b5000 	C:\Windows\System32\shlwapi.dll
0x00007ff9223f0000 - 0x00007ff922415000 	C:\Windows\SYSTEM32\profapi.dll
0x00007ff8e5880000 - 0x00007ff8e5898000 	C:\Users\KSH\.jdks\corretto-17.0.9\bin\zip.dll
0x00007ff8edd00000 - 0x00007ff8edd19000 	C:\Users\KSH\.jdks\corretto-17.0.9\bin\net.dll
0x00007ff91d820000 - 0x00007ff91d92a000 	C:\Windows\SYSTEM32\WINHTTP.dll
0x00007ff921b80000 - 0x00007ff921bea000 	C:\Windows\system32\mswsock.dll
0x00007ff8edce0000 - 0x00007ff8edcf6000 	C:\Users\KSH\.jdks\corretto-17.0.9\bin\nio.dll
0x00007ff8edd40000 - 0x00007ff8edd50000 	C:\Users\KSH\.jdks\corretto-17.0.9\bin\verify.dll
0x00007ff8e4130000 - 0x00007ff8e4157000 	C:\Users\KSH\.gradle\native\c067742578af261105cb4f569cf0c3c89f3d7b1fecec35dd04571415982c5e48\windows-amd64\native-platform.dll
0x00007ff8b70b0000 - 0x00007ff8b71f4000 	C:\Users\KSH\.gradle\native\38dada09dfb8b06ba9b0570ebf7e218e3eb74d4ef43ca46872605cf95ebc2f47\windows-amd64\native-platform-file-events.dll
0x00007ff8fb2f0000 - 0x00007ff8fb2f9000 	C:\Users\KSH\.jdks\corretto-17.0.9\bin\management.dll
0x00007ff8fb2e0000 - 0x00007ff8fb2eb000 	C:\Users\KSH\.jdks\corretto-17.0.9\bin\management_ext.dll
0x00007ff923730000 - 0x00007ff923738000 	C:\Windows\System32\PSAPI.DLL
0x00007ff921e50000 - 0x00007ff921e68000 	C:\Windows\SYSTEM32\CRYPTSP.dll
0x00007ff9214d0000 - 0x00007ff921504000 	C:\Windows\system32\rsaenh.dll
0x00007ff9223b0000 - 0x00007ff9223de000 	C:\Windows\SYSTEM32\USERENV.dll
0x00007ff921d10000 - 0x00007ff921d1c000 	C:\Windows\SYSTEM32\CRYPTBASE.dll
0x00007ff921890000 - 0x00007ff9218cb000 	C:\Windows\SYSTEM32\IPHLPAPI.DLL
0x00007ff923850000 - 0x00007ff923858000 	C:\Windows\System32\NSI.dll
0x00007ff91c3b0000 - 0x00007ff91c3c7000 	C:\Windows\SYSTEM32\dhcpcsvc6.DLL
0x00007ff91c4f0000 - 0x00007ff91c50d000 	C:\Windows\SYSTEM32\dhcpcsvc.DLL
0x00007ff9218d0000 - 0x00007ff92199b000 	C:\Windows\SYSTEM32\DNSAPI.dll
0x00007ff8fb2d0000 - 0x00007ff8fb2de000 	C:\Users\KSH\.jdks\corretto-17.0.9\bin\sunmscapi.dll
0x00007ff9225c0000 - 0x00007ff92271d000 	C:\Windows\System32\CRYPT32.dll
0x00007ff921f60000 - 0x00007ff921f88000 	C:\Windows\SYSTEM32\ncrypt.dll
0x00007ff921f20000 - 0x00007ff921f5b000 	C:\Windows\SYSTEM32\NTASN1.dll
0x00007ff8e8af0000 - 0x00007ff8e8af7000 	C:\Windows\system32\wshunix.dll

dbghelp: loaded successfully - version: 4.0.5 - missing functions: none
symbol engine: initialized successfully - sym options: 0x614 - pdb path: .;C:\Users\KSH\.jdks\corretto-17.0.9\bin;C:\Windows\SYSTEM32;C:\Windows\WinSxS\amd64_microsoft.windows.common-controls_6595b64144ccf1df_6.0.19041.3636_none_60b6a03d71f818d5;C:\Users\KSH\.jdks\corretto-17.0.9\bin\server;C:\Users\KSH\.gradle\native\c067742578af261105cb4f569cf0c3c89f3d7b1fecec35dd04571415982c5e48\windows-amd64;C:\Users\KSH\.gradle\native\38dada09dfb8b06ba9b0570ebf7e218e3eb74d4ef43ca46872605cf95ebc2f47\windows-amd64

VM Arguments:
jvm_args: --add-opens=java.base/java.util=ALL-UNNAMED --add-opens=java.base/java.lang=ALL-UNNAMED --add-opens=java.base/java.lang.invoke=ALL-UNNAMED --add-opens=java.prefs/java.util.prefs=ALL-UNNAMED --add-opens=java.base/java.nio.charset=ALL-UNNAMED --add-opens=java.base/java.net=ALL-UNNAMED --add-opens=java.base/java.util.concurrent.atomic=ALL-UNNAMED -XX:MaxMetaspaceSize=384m -XX:+HeapDumpOnOutOfMemoryError -Xms256m -Xmx512m -Dfile.encoding=x-windows-949 -Duser.country=KR -Duser.language=ko -Duser.variant -javaagent:C:\Users\KSH\.gradle\wrapper\dists\gradle-8.6-bin\afr5mpiioh2wthjmwnkmdsd5w\gradle-8.6\lib\agents\gradle-instrumentation-agent-8.6.jar 
java_command: org.gradle.launcher.daemon.bootstrap.GradleDaemon 8.6
java_class_path (initial): C:\Users\KSH\.gradle\wrapper\dists\gradle-8.6-bin\afr5mpiioh2wthjmwnkmdsd5w\gradle-8.6\lib\gradle-launcher-8.6.jar
Launcher Type: SUN_STANDARD

[Global flags]
     intx CICompilerCount                          = 12                                        {product} {ergonomic}
   size_t CompressedClassSpaceSize                 = 335544320                                 {product} {ergonomic}
     uint ConcGCThreads                            = 3                                         {product} {ergonomic}
     uint G1ConcRefinementThreads                  = 13                                        {product} {ergonomic}
   size_t G1HeapRegionSize                         = 1048576                                   {product} {ergonomic}
    uintx GCDrainStackTargetSize                   = 64                                        {product} {ergonomic}
     bool HeapDumpOnOutOfMemoryError               = true                                   {manageable} {command line}
   size_t InitialHeapSize                          = 268435456                                 {product} {command line}
   size_t MarkStackSize                            = 4194304                                   {product} {ergonomic}
   size_t MaxHeapSize                              = 536870912                                 {product} {command line}
   size_t MaxMetaspaceSize                         = 402653184                                 {product} {command line}
   size_t MaxNewSize                               = 321912832                                 {product} {ergonomic}
   size_t MinHeapDeltaBytes                        = 1048576                                   {product} {ergonomic}
   size_t MinHeapSize                              = 268435456                                 {product} {command line}
    uintx NonNMethodCodeHeapSize                   = 7602480                                {pd product} {ergonomic}
    uintx NonProfiledCodeHeapSize                  = 122027880                              {pd product} {ergonomic}
    uintx ProfiledCodeHeapSize                     = 122027880                              {pd product} {ergonomic}
    uintx ReservedCodeCacheSize                    = 251658240                              {pd product} {ergonomic}
     bool SegmentedCodeCache                       = true                                      {product} {ergonomic}
   size_t SoftMaxHeapSize                          = 536870912                              {manageable} {ergonomic}
     bool UseCompressedClassPointers               = true                           {product lp64_product} {ergonomic}
     bool UseCompressedOops                        = true                           {product lp64_product} {ergonomic}
     bool UseG1GC                                  = true                                      {product} {ergonomic}
     bool UseLargePagesIndividualAllocation        = false                                  {pd product} {ergonomic}

Logging:
Log output configuration:
 #0: stdout all=warning uptime,level,tags
 #1: stderr all=off uptime,level,tags

Environment Variables:
JAVA_HOME=E:\SSAFY\JDK\zulu8.33.0.1-ca-fx-jdk8.0.192-win_x64
PATH=C:\Windows\system32;C:\Windows;C:\Windows\System32\Wbem;C:\Windows\System32\WindowsPowerShell\v1.0\;C:\Windows\System32\OpenSSH\;C:\Program Files\Git\cmd;E:\Program Files\PuTTY\;E:\SSAFY\JDK\zulu8.33.0.1-ca-fx-jdk8.0.192-win_x64\bin;C:\Program Files\Zulu\zulu-8\bin\;C:\Program Files\MySQL\MySQL Shell 8.0\bin\;C:\Users\KSH\AppData\Local\Microsoft\WindowsApps;C:\Users\KSH\AppData\Local\GitHubDesktop\bin;E:\Users\KSH\AppData\Local\Programs\Fiddler
USERNAME=KSH
OS=Windows_NT
PROCESSOR_IDENTIFIER=Intel64 Family 6 Model 186 Stepping 2, GenuineIntel
TMP=C:\Users\KSH\AppData\Local\Temp
TEMP=C:\Users\KSH\AppData\Local\Temp



Periodic native trim disabled


---------------  S Y S T E M  ---------------

OS:
 Windows 10 , 64 bit Build 19041 (10.0.19041.3636)
OS uptime: 0 days 0:54 hours
Hyper-V role detected

CPU: total 16 (initial active 16) (8 cores per cpu, 2 threads per core) family 6 model 186 stepping 2 microcode 0x410e, cx8, cmov, fxsr, ht, mmx, 3dnowpref, sse, sse2, sse3, ssse3, sse4.1, sse4.2, popcnt, lzcnt, tsc, tscinvbit, avx, avx2, aes, erms, clmul, bmi1, bmi2, adx, sha, fma, vzeroupper, clflush, clflushopt, clwb, hv
Processor Information for processor 0
  Max Mhz: 1900, Current Mhz: 1900, Mhz Limit: 1387
Processor Information for processor 1
  Max Mhz: 1900, Current Mhz: 1900, Mhz Limit: 1387
Processor Information for processor 2
  Max Mhz: 1900, Current Mhz: 1900, Mhz Limit: 1900
Processor Information for processor 3
  Max Mhz: 1900, Current Mhz: 1900, Mhz Limit: 1900
Processor Information for processor 4
  Max Mhz: 1900, Current Mhz: 1900, Mhz Limit: 1900
Processor Information for processor 5
  Max Mhz: 1900, Current Mhz: 1900, Mhz Limit: 1900
Processor Information for processor 6
  Max Mhz: 1900, Current Mhz: 1900, Mhz Limit: 1900
Processor Information for processor 7
  Max Mhz: 1900, Current Mhz: 1900, Mhz Limit: 1900
Processor Information for processor 8
  Max Mhz: 1900, Current Mhz: 1400, Mhz Limit: 1387
Processor Information for processor 9
  Max Mhz: 1900, Current Mhz: 1400, Mhz Limit: 1387
Processor Information for processor 10
  Max Mhz: 1900, Current Mhz: 1400, Mhz Limit: 1387
Processor Information for processor 11
  Max Mhz: 1900, Current Mhz: 1400, Mhz Limit: 1387
Processor Information for processor 12
  Max Mhz: 1900, Current Mhz: 1400, Mhz Limit: 1387
Processor Information for processor 13
  Max Mhz: 1900, Current Mhz: 1400, Mhz Limit: 1387
Processor Information for processor 14
  Max Mhz: 1900, Current Mhz: 1400, Mhz Limit: 1387
Processor Information for processor 15
  Max Mhz: 1900, Current Mhz: 1400, Mhz Limit: 1387

Memory: 4k page, system-wide physical 16098M (533M free)
TotalPageFile size 45004M (AvailPageFile size 146M)
current process WorkingSet (physical memory assigned to process): 129M, peak: 223M
current process commit charge ("private bytes"): 433M, peak: 433M

vm_info: OpenJDK 64-Bit Server VM (17.0.9+8-LTS) for windows-amd64 JRE (17.0.9+8-LTS), built on Oct 12 2023 16:15:33 by "Administrator" with MS VC++ 16.10 / 16.11 (VS2019)

END.
